2024-03-06 07:16:15.513 [info] Extension host with pid 2216 started
2024-03-06 07:16:15.513 [error] Error: EEXIST: file already exists, open '/home/aaron/.vscode-server/data/User/workspaceStorage/6b4afc9168a14c8980bb1b4101715e18/vscode.lock'
2024-03-06 07:16:15.832 [info] ExtensionService#_doActivateExtension vscode.emmet, startup: false, activationEvent: 'onLanguage'
2024-03-06 07:16:15.862 [info] ExtensionService#_doActivateExtension ms-azuretools.vscode-docker, startup: false, activationEvent: 'onLanguage:dockercompose'
2024-03-06 07:16:22.714 [info] ExtensionService#_doActivateExtension vscode.git-base, startup: true, activationEvent: '*', root cause: vscode.git
2024-03-06 07:16:22.874 [info] Lock '/home/aaron/.vscode-server/data/User/workspaceStorage/6b4afc9168a14c8980bb1b4101715e18/vscode.lock': Could not acquire lock, checking if the file is stale.
2024-03-06 07:16:23.091 [info] Lock '/home/aaron/.vscode-server/data/User/workspaceStorage/6b4afc9168a14c8980bb1b4101715e18/vscode.lock': The pid 16125 appears to be gone.
2024-03-06 07:16:23.091 [info] Lock '/home/aaron/.vscode-server/data/User/workspaceStorage/6b4afc9168a14c8980bb1b4101715e18/vscode.lock': Deleting a stale lock.
2024-03-06 07:16:23.172 [info] Lock '/home/aaron/.vscode-server/data/User/workspaceStorage/6b4afc9168a14c8980bb1b4101715e18/vscode.lock': Lock acquired.
2024-03-06 07:16:24.705 [info] ExtensionService#_doActivateExtension vscode.git, startup: true, activationEvent: '*'
2024-03-06 07:16:24.743 [info] ExtensionService#_doActivateExtension vscode.github, startup: true, activationEvent: '*'
2024-03-06 07:16:29.555 [info] Eager extensions activated
2024-03-06 07:16:29.557 [info] ExtensionService#_doActivateExtension vscode.debug-auto-launch, startup: false, activationEvent: 'onStartupFinished'
2024-03-06 07:16:29.558 [info] ExtensionService#_doActivateExtension vscode.merge-conflict, startup: false, activationEvent: 'onStartupFinished'
2024-03-06 07:21:24.287 [info] ExtensionService#_doActivateExtension vscode.npm, startup: false, activationEvent: 'onTerminalQuickFixRequest:ms-vscode.npm-command'
2024-03-06 09:49:08.611 [info] ExtensionService#_doActivateExtension vscode.typescript-language-features, startup: false, activationEvent: 'onLanguage:javascript'
2024-03-06 09:56:42.625 [warning] [Decorations] CAPPING events from decorations provider vscode.git 2415
2024-03-06 09:56:44.024 [warning] [Decorations] CAPPING events from decorations provider vscode.git 2415
2024-03-06 09:56:46.920 [warning] [Decorations] CAPPING events from decorations provider vscode.git 2415
2024-03-06 09:57:05.583 [warning] [Decorations] CAPPING events from decorations provider vscode.git 2415
2024-03-06 09:57:10.757 [warning] [Decorations] CAPPING events from decorations provider vscode.git 2415
2024-03-06 09:57:15.902 [warning] [Decorations] CAPPING events from decorations provider vscode.git 2415
2024-03-06 09:57:21.031 [warning] [Decorations] CAPPING events from decorations provider vscode.git 2415
2024-03-06 09:57:26.187 [warning] [Decorations] CAPPING events from decorations provider vscode.git 2413
2024-03-06 09:57:31.334 [warning] [Decorations] CAPPING events from decorations provider vscode.git 2413
2024-03-06 09:57:36.488 [warning] [Decorations] CAPPING events from decorations provider vscode.git 2413
2024-03-06 09:57:49.247 [warning] [Decorations] CAPPING events from decorations provider vscode.git 2413
2024-03-06 09:57:54.474 [warning] [Decorations] CAPPING events from decorations provider vscode.git 2413
2024-03-06 09:57:59.626 [warning] [Decorations] CAPPING events from decorations provider vscode.git 2413
2024-03-06 09:59:27.591 [warning] [Decorations] CAPPING events from decorations provider vscode.git 2413
2024-03-06 10:00:50.930 [warning] [Decorations] CAPPING events from decorations provider vscode.git 2413
2024-03-06 10:00:56.065 [warning] [Decorations] CAPPING events from decorations provider vscode.git 2413
2024-03-06 10:01:01.250 [warning] [Decorations] CAPPING events from decorations provider vscode.git 2413
2024-03-06 10:01:06.399 [warning] [Decorations] CAPPING events from decorations provider vscode.git 2413
2024-03-06 10:01:11.599 [warning] [Decorations] CAPPING events from decorations provider vscode.git 2413
2024-03-06 10:01:16.747 [warning] [Decorations] CAPPING events from decorations provider vscode.git 2413
2024-03-06 10:01:21.893 [warning] [Decorations] CAPPING events from decorations provider vscode.git 2413
2024-03-06 10:01:27.184 [warning] [Decorations] CAPPING events from decorations provider vscode.git 2413
2024-03-06 10:01:32.326 [warning] [Decorations] CAPPING events from decorations provider vscode.git 2413
2024-03-06 10:02:41.157 [warning] [Decorations] CAPPING events from decorations provider vscode.git 2413
2024-03-06 10:02:46.294 [warning] [Decorations] CAPPING events from decorations provider vscode.git 2415
2024-03-06 10:02:51.471 [warning] [Decorations] CAPPING events from decorations provider vscode.git 2415
2024-03-06 10:03:27.418 [warning] [Decorations] CAPPING events from decorations provider vscode.git 2415
2024-03-06 10:03:32.563 [warning] [Decorations] CAPPING events from decorations provider vscode.git 2415
2024-03-06 10:03:37.705 [warning] [Decorations] CAPPING events from decorations provider vscode.git 2415
2024-03-06 10:03:42.902 [warning] [Decorations] CAPPING events from decorations provider vscode.git 2415
2024-03-06 10:03:48.038 [warning] [Decorations] CAPPING events from decorations provider vscode.git 2415
2024-03-06 10:03:53.157 [warning] [Decorations] CAPPING events from decorations provider vscode.git 2415
2024-03-06 10:03:59.648 [warning] [Decorations] CAPPING events from decorations provider vscode.git 2415
2024-03-06 10:04:04.788 [warning] [Decorations] CAPPING events from decorations provider vscode.git 2415
2024-03-06 10:04:10.110 [warning] [Decorations] CAPPING events from decorations provider vscode.git 2415
2024-03-06 10:04:15.240 [warning] [Decorations] CAPPING events from decorations provider vscode.git 2415
2024-03-06 10:04:20.378 [warning] [Decorations] CAPPING events from decorations provider vscode.git 2415
2024-03-06 10:04:25.535 [warning] [Decorations] CAPPING events from decorations provider vscode.git 2415
2024-03-06 10:08:18.998 [warning] [Decorations] CAPPING events from decorations provider vscode.git 2415
2024-03-06 10:08:24.156 [warning] [Decorations] CAPPING events from decorations provider vscode.git 2415
2024-03-06 10:08:29.352 [warning] [Decorations] CAPPING events from decorations provider vscode.git 2415
2024-03-06 10:08:34.487 [warning] [Decorations] CAPPING events from decorations provider vscode.git 2415
2024-03-06 10:08:39.630 [warning] [Decorations] CAPPING events from decorations provider vscode.git 2415
2024-03-06 10:08:44.780 [warning] [Decorations] CAPPING events from decorations provider vscode.git 2415
2024-03-06 10:08:49.954 [warning] [Decorations] CAPPING events from decorations provider vscode.git 2415
2024-03-06 10:08:55.102 [warning] [Decorations] CAPPING events from decorations provider vscode.git 2415
2024-03-06 10:09:00.290 [warning] [Decorations] CAPPING events from decorations provider vscode.git 2415
2024-03-06 10:09:05.431 [warning] [Decorations] CAPPING events from decorations provider vscode.git 2415
2024-03-06 10:09:10.559 [warning] [Decorations] CAPPING events from decorations provider vscode.git 2415
2024-03-06 10:09:15.771 [warning] [Decorations] CAPPING events from decorations provider vscode.git 2415
2024-03-06 10:09:20.968 [warning] [Decorations] CAPPING events from decorations provider vscode.git 2415
2024-03-06 10:09:26.127 [warning] [Decorations] CAPPING events from decorations provider vscode.git 2415
2024-03-06 10:09:31.284 [warning] [Decorations] CAPPING events from decorations provider vscode.git 2415
2024-03-06 10:09:36.470 [warning] [Decorations] CAPPING events from decorations provider vscode.git 2415
2024-03-06 10:09:41.618 [warning] [Decorations] CAPPING events from decorations provider vscode.git 2415
2024-03-06 10:09:46.763 [warning] [Decorations] CAPPING events from decorations provider vscode.git 2415
2024-03-06 10:09:51.920 [warning] [Decorations] CAPPING events from decorations provider vscode.git 2415
2024-03-06 10:09:57.275 [warning] [Decorations] CAPPING events from decorations provider vscode.git 2415
2024-03-06 10:10:02.411 [warning] [Decorations] CAPPING events from decorations provider vscode.git 2415
2024-03-06 10:10:07.541 [warning] [Decorations] CAPPING events from decorations provider vscode.git 2415
2024-03-06 10:10:12.689 [warning] [Decorations] CAPPING events from decorations provider vscode.git 2415
2024-03-06 10:10:17.827 [warning] [Decorations] CAPPING events from decorations provider vscode.git 2415
2024-03-06 10:10:22.973 [warning] [Decorations] CAPPING events from decorations provider vscode.git 2415
2024-03-06 10:10:28.251 [warning] [Decorations] CAPPING events from decorations provider vscode.git 2415
2024-03-06 10:10:33.389 [warning] [Decorations] CAPPING events from decorations provider vscode.git 2415
2024-03-06 10:10:38.518 [warning] [Decorations] CAPPING events from decorations provider vscode.git 2415
2024-03-06 10:10:43.654 [warning] [Decorations] CAPPING events from decorations provider vscode.git 2415
2024-03-06 10:10:48.784 [warning] [Decorations] CAPPING events from decorations provider vscode.git 2415
2024-03-06 10:10:54.214 [warning] [Decorations] CAPPING events from decorations provider vscode.git 2415
2024-03-06 10:14:19.467 [warning] [Decorations] CAPPING events from decorations provider vscode.git 2415
2024-03-06 10:14:24.621 [warning] [Decorations] CAPPING events from decorations provider vscode.git 2415
2024-03-06 10:14:29.748 [warning] [Decorations] CAPPING events from decorations provider vscode.git 2415
2024-03-06 10:14:34.905 [warning] [Decorations] CAPPING events from decorations provider vscode.git 2415
2024-03-06 10:15:54.093 [warning] [Decorations] CAPPING events from decorations provider vscode.git 2415
2024-03-06 10:15:59.323 [warning] [Decorations] CAPPING events from decorations provider vscode.git 2415
2024-03-06 10:16:27.234 [warning] [Decorations] CAPPING events from decorations provider vscode.git 2415
2024-03-06 10:16:32.393 [warning] [Decorations] CAPPING events from decorations provider vscode.git 2415
2024-03-06 10:16:37.529 [warning] [Decorations] CAPPING events from decorations provider vscode.git 2415
2024-03-06 10:16:42.671 [warning] [Decorations] CAPPING events from decorations provider vscode.git 2415
2024-03-06 10:16:47.803 [warning] [Decorations] CAPPING events from decorations provider vscode.git 2415
2024-03-06 10:16:52.946 [warning] [Decorations] CAPPING events from decorations provider vscode.git 2415
2024-03-06 10:16:58.117 [warning] [Decorations] CAPPING events from decorations provider vscode.git 2415
2024-03-06 10:17:03.312 [warning] [Decorations] CAPPING events from decorations provider vscode.git 2415
2024-03-06 10:17:08.443 [warning] [Decorations] CAPPING events from decorations provider vscode.git 2415
2024-03-06 10:17:13.592 [warning] [Decorations] CAPPING events from decorations provider vscode.git 2415
2024-03-06 10:17:18.728 [warning] [Decorations] CAPPING events from decorations provider vscode.git 2415
2024-03-06 10:17:23.875 [warning] [Decorations] CAPPING events from decorations provider vscode.git 2415
2024-03-06 10:17:29.001 [warning] [Decorations] CAPPING events from decorations provider vscode.git 2415
2024-03-06 10:17:34.158 [warning] [Decorations] CAPPING events from decorations provider vscode.git 2415
2024-03-06 10:17:39.332 [warning] [Decorations] CAPPING events from decorations provider vscode.git 2415
2024-03-06 10:17:44.524 [warning] [Decorations] CAPPING events from decorations provider vscode.git 2415
2024-03-06 10:17:49.692 [warning] [Decorations] CAPPING events from decorations provider vscode.git 2415
2024-03-06 10:17:54.831 [warning] [Decorations] CAPPING events from decorations provider vscode.git 2415
2024-03-06 10:18:16.245 [warning] [Decorations] CAPPING events from decorations provider vscode.git 2415
2024-03-06 10:18:21.399 [warning] [Decorations] CAPPING events from decorations provider vscode.git 2415
2024-03-06 10:18:26.555 [warning] [Decorations] CAPPING events from decorations provider vscode.git 2415
2024-03-06 10:18:55.489 [warning] [Decorations] CAPPING events from decorations provider vscode.git 2415
2024-03-06 10:19:00.647 [warning] [Decorations] CAPPING events from decorations provider vscode.git 2415
2024-03-06 10:19:05.879 [warning] [Decorations] CAPPING events from decorations provider vscode.git 2415
2024-03-06 10:22:03.036 [warning] [Decorations] CAPPING events from decorations provider vscode.git 2415
2024-03-06 10:22:08.182 [warning] [Decorations] CAPPING events from decorations provider vscode.git 2415
2024-03-06 10:22:13.636 [warning] [Decorations] CAPPING events from decorations provider vscode.git 2415
2024-03-06 10:22:18.774 [warning] [Decorations] CAPPING events from decorations provider vscode.git 2415
2024-03-06 10:22:23.923 [warning] [Decorations] CAPPING events from decorations provider vscode.git 2415
2024-03-06 10:22:29.077 [warning] [Decorations] CAPPING events from decorations provider vscode.git 2415
2024-03-06 10:22:34.216 [warning] [Decorations] CAPPING events from decorations provider vscode.git 2415
2024-03-06 10:22:39.538 [warning] [Decorations] CAPPING events from decorations provider vscode.git 2415
2024-03-06 10:22:44.660 [warning] [Decorations] CAPPING events from decorations provider vscode.git 2415
2024-03-06 10:22:49.796 [warning] [Decorations] CAPPING events from decorations provider vscode.git 2415
2024-03-06 10:22:54.948 [warning] [Decorations] CAPPING events from decorations provider vscode.git 2415
2024-03-06 10:23:00.108 [warning] [Decorations] CAPPING events from decorations provider vscode.git 2415
2024-03-06 10:23:05.239 [warning] [Decorations] CAPPING events from decorations provider vscode.git 2415
2024-03-06 10:23:10.368 [warning] [Decorations] CAPPING events from decorations provider vscode.git 2415
2024-03-06 10:23:15.554 [warning] [Decorations] CAPPING events from decorations provider vscode.git 2415
2024-03-06 10:23:20.711 [warning] [Decorations] CAPPING events from decorations provider vscode.git 2415
2024-03-06 10:23:25.851 [warning] [Decorations] CAPPING events from decorations provider vscode.git 2415
2024-03-06 10:23:30.994 [warning] [Decorations] CAPPING events from decorations provider vscode.git 2415
2024-03-06 10:23:36.154 [warning] [Decorations] CAPPING events from decorations provider vscode.git 2415
2024-03-06 10:23:41.282 [warning] [Decorations] CAPPING events from decorations provider vscode.git 2415
2024-03-06 10:23:46.446 [warning] [Decorations] CAPPING events from decorations provider vscode.git 2415
2024-03-06 10:23:51.602 [warning] [Decorations] CAPPING events from decorations provider vscode.git 2415
2024-03-06 10:23:56.756 [warning] [Decorations] CAPPING events from decorations provider vscode.git 2415
2024-03-06 10:24:01.899 [warning] [Decorations] CAPPING events from decorations provider vscode.git 2415
2024-03-06 10:24:07.077 [warning] [Decorations] CAPPING events from decorations provider vscode.git 2415
2024-03-06 10:24:12.208 [warning] [Decorations] CAPPING events from decorations provider vscode.git 2415
2024-03-06 10:24:17.348 [warning] [Decorations] CAPPING events from decorations provider vscode.git 2415
2024-03-06 10:24:22.537 [warning] [Decorations] CAPPING events from decorations provider vscode.git 2415
2024-03-06 10:24:27.898 [warning] [Decorations] CAPPING events from decorations provider vscode.git 2415
2024-03-06 10:24:57.672 [warning] [Decorations] CAPPING events from decorations provider vscode.git 2415
2024-03-06 10:25:02.818 [warning] [Decorations] CAPPING events from decorations provider vscode.git 2415
2024-03-06 10:25:09.691 [warning] [Decorations] CAPPING events from decorations provider vscode.git 2415
2024-03-06 10:25:14.837 [warning] [Decorations] CAPPING events from decorations provider vscode.git 2415
2024-03-06 10:25:19.972 [warning] [Decorations] CAPPING events from decorations provider vscode.git 2415
2024-03-06 10:25:25.101 [warning] [Decorations] CAPPING events from decorations provider vscode.git 2415
2024-03-06 10:25:30.277 [warning] [Decorations] CAPPING events from decorations provider vscode.git 2415
2024-03-06 10:25:35.424 [warning] [Decorations] CAPPING events from decorations provider vscode.git 2415
2024-03-06 10:25:40.622 [warning] [Decorations] CAPPING events from decorations provider vscode.git 2415
2024-03-06 10:25:45.759 [warning] [Decorations] CAPPING events from decorations provider vscode.git 2415
2024-03-06 10:25:50.980 [warning] [Decorations] CAPPING events from decorations provider vscode.git 2415
2024-03-06 10:25:56.175 [warning] [Decorations] CAPPING events from decorations provider vscode.git 2415
2024-03-06 10:26:01.309 [warning] [Decorations] CAPPING events from decorations provider vscode.git 2415
2024-03-06 10:26:06.529 [warning] [Decorations] CAPPING events from decorations provider vscode.git 2415
2024-03-06 10:26:11.670 [warning] [Decorations] CAPPING events from decorations provider vscode.git 2415
2024-03-06 10:26:16.833 [warning] [Decorations] CAPPING events from decorations provider vscode.git 2415
2024-03-06 10:26:22.007 [warning] [Decorations] CAPPING events from decorations provider vscode.git 2415
2024-03-06 10:26:27.154 [warning] [Decorations] CAPPING events from decorations provider vscode.git 2415
2024-03-06 10:26:32.294 [warning] [Decorations] CAPPING events from decorations provider vscode.git 2415
2024-03-06 10:26:45.287 [warning] [Decorations] CAPPING events from decorations provider vscode.git 2415
2024-03-06 10:26:50.421 [warning] [Decorations] CAPPING events from decorations provider vscode.git 2415
2024-03-06 10:26:55.584 [warning] [Decorations] CAPPING events from decorations provider vscode.git 2415
2024-03-06 10:27:00.726 [warning] [Decorations] CAPPING events from decorations provider vscode.git 2415
2024-03-06 10:27:05.897 [warning] [Decorations] CAPPING events from decorations provider vscode.git 2415
2024-03-06 10:27:11.041 [warning] [Decorations] CAPPING events from decorations provider vscode.git 2415
2024-03-06 10:27:16.183 [warning] [Decorations] CAPPING events from decorations provider vscode.git 2415
2024-03-06 10:27:21.321 [warning] [Decorations] CAPPING events from decorations provider vscode.git 2415
2024-03-06 10:27:26.511 [warning] [Decorations] CAPPING events from decorations provider vscode.git 2415
2024-03-06 10:27:31.660 [warning] [Decorations] CAPPING events from decorations provider vscode.git 2415
2024-03-06 10:27:36.857 [warning] [Decorations] CAPPING events from decorations provider vscode.git 2415
2024-03-06 10:27:41.995 [warning] [Decorations] CAPPING events from decorations provider vscode.git 2415
2024-03-06 10:27:47.129 [warning] [Decorations] CAPPING events from decorations provider vscode.git 2415
2024-03-06 10:27:52.290 [warning] [Decorations] CAPPING events from decorations provider vscode.git 2415
2024-03-06 10:27:57.439 [warning] [Decorations] CAPPING events from decorations provider vscode.git 2415
2024-03-06 10:28:07.425 [warning] [Decorations] CAPPING events from decorations provider vscode.git 2415
2024-03-06 10:28:12.591 [warning] [Decorations] CAPPING events from decorations provider vscode.git 2415
2024-03-06 10:28:17.729 [warning] [Decorations] CAPPING events from decorations provider vscode.git 2415
2024-03-06 10:28:27.074 [warning] [Decorations] CAPPING events from decorations provider vscode.git 2415
2024-03-06 10:28:32.270 [warning] [Decorations] CAPPING events from decorations provider vscode.git 2415
2024-03-06 10:28:37.400 [warning] [Decorations] CAPPING events from decorations provider vscode.git 2415
2024-03-06 10:28:42.538 [warning] [Decorations] CAPPING events from decorations provider vscode.git 2415
2024-03-06 10:28:47.673 [warning] [Decorations] CAPPING events from decorations provider vscode.git 2415
2024-03-06 10:28:52.814 [warning] [Decorations] CAPPING events from decorations provider vscode.git 2415
2024-03-06 10:28:57.961 [warning] [Decorations] CAPPING events from decorations provider vscode.git 2415
2024-03-06 10:29:03.096 [warning] [Decorations] CAPPING events from decorations provider vscode.git 2415
2024-03-06 10:29:08.221 [warning] [Decorations] CAPPING events from decorations provider vscode.git 2415
2024-03-06 10:29:13.354 [warning] [Decorations] CAPPING events from decorations provider vscode.git 2415
2024-03-06 10:29:18.515 [warning] [Decorations] CAPPING events from decorations provider vscode.git 2415
2024-03-06 10:29:23.710 [warning] [Decorations] CAPPING events from decorations provider vscode.git 2415
2024-03-06 10:29:28.859 [warning] [Decorations] CAPPING events from decorations provider vscode.git 2415
2024-03-06 10:29:34.021 [warning] [Decorations] CAPPING events from decorations provider vscode.git 2415
2024-03-06 10:29:39.170 [warning] [Decorations] CAPPING events from decorations provider vscode.git 2415
2024-03-06 10:29:44.304 [warning] [Decorations] CAPPING events from decorations provider vscode.git 2415
2024-03-06 10:29:49.457 [warning] [Decorations] CAPPING events from decorations provider vscode.git 2415
2024-03-06 10:29:54.599 [warning] [Decorations] CAPPING events from decorations provider vscode.git 2415
2024-03-06 10:29:59.741 [warning] [Decorations] CAPPING events from decorations provider vscode.git 2415
2024-03-06 10:30:24.041 [warning] [Decorations] CAPPING events from decorations provider vscode.git 2415
2024-03-06 10:30:29.177 [warning] [Decorations] CAPPING events from decorations provider vscode.git 2415
2024-03-06 10:30:34.324 [warning] [Decorations] CAPPING events from decorations provider vscode.git 2415
2024-03-06 10:30:39.475 [warning] [Decorations] CAPPING events from decorations provider vscode.git 2415
2024-03-06 10:30:44.614 [warning] [Decorations] CAPPING events from decorations provider vscode.git 2415
2024-03-06 10:30:49.782 [warning] [Decorations] CAPPING events from decorations provider vscode.git 2415
2024-03-06 10:30:54.907 [warning] [Decorations] CAPPING events from decorations provider vscode.git 2415
2024-03-06 10:31:27.125 [warning] [Decorations] CAPPING events from decorations provider vscode.git 2415
2024-03-06 10:31:32.278 [warning] [Decorations] CAPPING events from decorations provider vscode.git 2415
2024-03-06 10:31:37.408 [warning] [Decorations] CAPPING events from decorations provider vscode.git 2415
2024-03-06 10:31:42.550 [warning] [Decorations] CAPPING events from decorations provider vscode.git 2415
2024-03-06 10:31:47.719 [warning] [Decorations] CAPPING events from decorations provider vscode.git 2415
2024-03-06 10:31:52.850 [warning] [Decorations] CAPPING events from decorations provider vscode.git 2415
2024-03-06 10:31:57.993 [warning] [Decorations] CAPPING events from decorations provider vscode.git 2415
2024-03-06 10:32:03.152 [warning] [Decorations] CAPPING events from decorations provider vscode.git 2415
2024-03-06 10:32:08.284 [warning] [Decorations] CAPPING events from decorations provider vscode.git 2415
2024-03-06 10:32:13.415 [warning] [Decorations] CAPPING events from decorations provider vscode.git 2415
2024-03-06 10:32:18.565 [warning] [Decorations] CAPPING events from decorations provider vscode.git 2415
2024-03-06 10:32:23.702 [warning] [Decorations] CAPPING events from decorations provider vscode.git 2415
2024-03-06 10:32:28.843 [warning] [Decorations] CAPPING events from decorations provider vscode.git 2415
2024-03-06 10:32:34.001 [warning] [Decorations] CAPPING events from decorations provider vscode.git 2415
2024-03-06 10:32:39.160 [warning] [Decorations] CAPPING events from decorations provider vscode.git 2415
2024-03-06 10:33:28.607 [warning] [Decorations] CAPPING events from decorations provider vscode.git 2415
2024-03-06 10:33:33.805 [warning] [Decorations] CAPPING events from decorations provider vscode.git 2415
2024-03-06 10:33:38.953 [warning] [Decorations] CAPPING events from decorations provider vscode.git 2415
2024-03-06 10:33:44.089 [warning] [Decorations] CAPPING events from decorations provider vscode.git 2415
2024-03-06 10:33:49.232 [warning] [Decorations] CAPPING events from decorations provider vscode.git 2415
2024-03-06 10:33:54.440 [warning] [Decorations] CAPPING events from decorations provider vscode.git 2415
2024-03-06 10:33:59.624 [warning] [Decorations] CAPPING events from decorations provider vscode.git 2415
2024-03-06 10:34:04.786 [warning] [Decorations] CAPPING events from decorations provider vscode.git 2415
2024-03-06 10:35:48.407 [warning] [Decorations] CAPPING events from decorations provider vscode.git 2415
2024-03-06 10:35:53.564 [warning] [Decorations] CAPPING events from decorations provider vscode.git 2415
