2024-03-05 16:23:34.522 [info] Log level: Info
2024-03-05 16:23:34.522 [info] Validating found git in: "git"
2024-03-05 16:23:34.522 [info] Using git "2.34.1" from "git"
2024-03-05 16:23:34.522 [info] > git rev-parse --show-toplevel [119ms]
2024-03-05 16:23:34.522 [info] fatal: not a git repository (or any of the parent directories): .git
2024-03-05 16:23:34.522 [info] > git rev-parse --show-toplevel [123ms]
2024-03-05 16:23:34.522 [info] fatal: not a git repository (or any of the parent directories): .git
2024-03-05 16:23:34.523 [info] > git rev-parse --show-toplevel [43ms]
2024-03-05 16:23:34.523 [info] fatal: not a git repository (or any of the parent directories): .git
2024-03-05 16:23:34.610 [info] > git rev-parse --show-toplevel [75ms]
2024-03-05 16:23:34.610 [info] fatal: not a git repository (or any of the parent directories): .git
2024-03-05 16:23:34.638 [info] > git rev-parse --show-toplevel [13ms]
2024-03-05 16:23:34.638 [info] fatal: not a git repository (or any of the parent directories): .git
2024-03-05 16:23:34.664 [info] > git rev-parse --show-toplevel [19ms]
2024-03-05 16:23:34.664 [info] fatal: not a git repository (or any of the parent directories): .git
2024-03-05 16:23:34.685 [info] > git rev-parse --show-toplevel [13ms]
2024-03-05 16:23:34.685 [info] fatal: not a git repository (or any of the parent directories): .git
2024-03-05 17:13:36.581 [info] > git rev-parse --show-toplevel [25ms]
2024-03-05 17:13:36.581 [info] fatal: not a git repository (or any of the parent directories): .git
2024-03-05 17:13:42.014 [info] > git rev-parse --show-toplevel [17ms]
2024-03-05 17:13:42.014 [info] fatal: not a git repository (or any of the parent directories): .git
2024-03-05 17:13:43.099 [info] > git rev-parse --show-toplevel [16ms]
2024-03-05 17:13:43.099 [info] fatal: not a git repository (or any of the parent directories): .git
2024-03-05 17:17:06.300 [info] > git rev-parse --show-toplevel [20ms]
2024-03-05 17:17:06.300 [info] fatal: not a git repository (or any of the parent directories): .git
2024-03-05 17:48:13.264 [info] > git rev-parse --show-toplevel [56ms]
2024-03-05 17:48:13.265 [info] fatal: not a git repository (or any of the parent directories): .git
