0 verbose cli [ '/usr/bin/node', '/usr/bin/npm', 'install', '--save', 'express' ]
1 info using npm@8.5.1
2 info using node@v12.22.9
3 timing npm:load:whichnode Completed in 1ms
4 timing config:load:defaults Completed in 2ms
5 timing config:load:file:/usr/share/nodejs/npm/npmrc Completed in 4ms
6 timing config:load:builtin Completed in 5ms
7 timing config:load:cli Completed in 2ms
8 timing config:load:env Completed in 1ms
9 timing config:load:project Completed in 2ms
10 timing config:load:file:/home/aaron/.npmrc Completed in 1ms
11 timing config:load:user Completed in 1ms
12 timing config:load:file:/etc/npmrc Completed in 0ms
13 timing config:load:global Completed in 0ms
14 timing config:load:validate Completed in 0ms
15 timing config:load:credentials Completed in 0ms
16 timing config:load:setEnvs Completed in 5ms
17 timing config:load Completed in 19ms
18 timing npm:load:configload Completed in 19ms
19 timing npm:load:setTitle Completed in 0ms
20 timing config:load:flatten Completed in 3ms
21 timing npm:load:display Completed in 5ms
22 verbose logfile /home/aaron/.npm/_logs/2024-03-07T11_00_55_492Z-debug-0.log
23 timing npm:load:logFile Completed in 11ms
24 timing npm:load:timers Completed in 0ms
25 timing npm:load:configScope Completed in 0ms
26 timing npm:load Completed in 39ms
27 timing arborist:ctor Completed in 1ms
28 timing idealTree:init Completed in 439ms
29 timing idealTree:userRequests Completed in 8ms
30 silly idealTree buildDeps
31 silly fetch manifest express@*
32 timing arborist:ctor Completed in 1ms
33 http fetch GET 200 https://registry.npmjs.org/express 375ms (cache miss)
34 silly placeDep ROOT express@4.18.3 OK for:  want: *
35 silly fetch manifest accepts@~1.3.8
36 silly fetch manifest array-flatten@1.1.1
37 silly fetch manifest body-parser@1.20.2
38 silly fetch manifest content-disposition@0.5.4
39 silly fetch manifest content-type@~1.0.4
40 silly fetch manifest cookie@0.5.0
41 silly fetch manifest cookie-signature@1.0.6
42 silly fetch manifest debug@2.6.9
43 silly fetch manifest depd@2.0.0
44 silly fetch manifest encodeurl@~1.0.2
45 silly fetch manifest escape-html@~1.0.3
46 silly fetch manifest etag@~1.8.1
47 silly fetch manifest finalhandler@1.2.0
48 silly fetch manifest fresh@0.5.2
49 silly fetch manifest http-errors@2.0.0
50 silly fetch manifest merge-descriptors@1.0.1
51 silly fetch manifest methods@~1.1.2
52 silly fetch manifest on-finished@2.4.1
53 silly fetch manifest parseurl@~1.3.3
54 silly fetch manifest path-to-regexp@0.1.7
55 silly fetch manifest proxy-addr@~2.0.7
56 silly fetch manifest qs@6.11.0
57 silly fetch manifest range-parser@~1.2.1
58 silly fetch manifest safe-buffer@5.2.1
59 silly fetch manifest send@0.18.0
60 silly fetch manifest serve-static@1.15.0
61 silly fetch manifest setprototypeof@1.2.0
62 silly fetch manifest statuses@2.0.1
63 silly fetch manifest type-is@~1.6.18
64 silly fetch manifest utils-merge@1.0.1
65 silly fetch manifest vary@~1.1.2
66 http fetch GET 200 https://registry.npmjs.org/accepts 356ms (cache miss)
67 http fetch GET 200 https://registry.npmjs.org/merge-descriptors 330ms (cache miss)
68 http fetch GET 200 https://registry.npmjs.org/on-finished 802ms (cache miss)
69 http fetch GET 200 https://registry.npmjs.org/etag 816ms (cache miss)
70 http fetch GET 200 https://registry.npmjs.org/vary 786ms (cache miss)
71 http fetch GET 200 https://registry.npmjs.org/cookie-signature 833ms (cache miss)
72 http fetch GET 200 https://registry.npmjs.org/array-flatten 847ms (cache miss)
73 http fetch GET 200 https://registry.npmjs.org/methods 818ms (cache miss)
74 http fetch GET 200 https://registry.npmjs.org/content-type 846ms (cache miss)
75 http fetch GET 200 https://registry.npmjs.org/escape-html 842ms (cache miss)
76 http fetch GET 200 https://registry.npmjs.org/statuses 811ms (cache miss)
77 http fetch GET 200 https://registry.npmjs.org/content-disposition 862ms (cache miss)
78 http fetch GET 200 https://registry.npmjs.org/utils-merge 833ms (cache miss)
79 http fetch GET 200 https://registry.npmjs.org/encodeurl 874ms (cache miss)
80 http fetch GET 200 https://registry.npmjs.org/range-parser 853ms (cache miss)
81 http fetch GET 200 https://registry.npmjs.org/setprototypeof 846ms (cache miss)
82 http fetch GET 200 https://registry.npmjs.org/cookie 889ms (cache miss)
83 http fetch GET 200 https://registry.npmjs.org/fresh 875ms (cache miss)
84 http fetch GET 200 https://registry.npmjs.org/safe-buffer 860ms (cache miss)
85 http fetch GET 200 https://registry.npmjs.org/proxy-addr 866ms (cache miss)
86 http fetch GET 200 https://registry.npmjs.org/depd 892ms (cache miss)
87 http fetch GET 200 https://registry.npmjs.org/finalhandler 889ms (cache miss)
88 http fetch GET 200 https://registry.npmjs.org/type-is 859ms (cache miss)
89 http fetch GET 200 https://registry.npmjs.org/parseurl 882ms (cache miss)
90 http fetch GET 200 https://registry.npmjs.org/http-errors 892ms (cache miss)
91 http fetch GET 200 https://registry.npmjs.org/send 889ms (cache miss)
92 http fetch GET 200 https://registry.npmjs.org/serve-static 889ms (cache miss)
93 http fetch GET 200 https://registry.npmjs.org/debug 929ms (cache miss)
94 http fetch GET 200 https://registry.npmjs.org/body-parser 946ms (cache miss)
95 http fetch GET 200 https://registry.npmjs.org/path-to-regexp 919ms (cache miss)
96 http fetch GET 200 https://registry.npmjs.org/qs 921ms (cache miss)
97 timing idealTree:#root Completed in 1385ms
98 silly placeDep ROOT accepts@1.3.8 OK for: express@4.18.3 want: ~1.3.8
99 silly placeDep ROOT array-flatten@1.1.1 OK for: express@4.18.3 want: 1.1.1
100 silly placeDep ROOT body-parser@1.20.2 OK for: express@4.18.3 want: 1.20.2
101 silly placeDep ROOT content-disposition@0.5.4 OK for: express@4.18.3 want: 0.5.4
102 silly placeDep ROOT content-type@1.0.5 OK for: express@4.18.3 want: ~1.0.4
103 silly placeDep ROOT cookie@0.5.0 OK for: express@4.18.3 want: 0.5.0
104 silly placeDep ROOT cookie-signature@1.0.6 OK for: express@4.18.3 want: 1.0.6
105 silly placeDep node_modules/express debug@2.6.9 OK for: express@4.18.3 want: 2.6.9
106 silly placeDep ROOT depd@2.0.0 OK for: express@4.18.3 want: 2.0.0
107 silly placeDep ROOT encodeurl@1.0.2 OK for: express@4.18.3 want: ~1.0.2
108 silly placeDep ROOT escape-html@1.0.3 OK for: express@4.18.3 want: ~1.0.3
109 silly placeDep ROOT etag@1.8.1 OK for: express@4.18.3 want: ~1.8.1
110 silly placeDep ROOT finalhandler@1.2.0 OK for: express@4.18.3 want: 1.2.0
111 silly placeDep ROOT fresh@0.5.2 OK for: express@4.18.3 want: 0.5.2
112 silly placeDep ROOT http-errors@2.0.0 OK for: express@4.18.3 want: 2.0.0
113 silly placeDep ROOT merge-descriptors@1.0.1 OK for: express@4.18.3 want: 1.0.1
114 silly placeDep ROOT methods@1.1.2 OK for: express@4.18.3 want: ~1.1.2
115 silly placeDep ROOT on-finished@2.4.1 OK for: express@4.18.3 want: 2.4.1
116 silly placeDep ROOT parseurl@1.3.3 OK for: express@4.18.3 want: ~1.3.3
117 silly placeDep ROOT path-to-regexp@0.1.7 OK for: express@4.18.3 want: 0.1.7
118 silly placeDep ROOT proxy-addr@2.0.7 OK for: express@4.18.3 want: ~2.0.7
119 silly placeDep ROOT qs@6.11.0 OK for: express@4.18.3 want: 6.11.0
120 silly placeDep ROOT range-parser@1.2.1 OK for: express@4.18.3 want: ~1.2.1
121 silly placeDep ROOT safe-buffer@5.2.1 OK for: express@4.18.3 want: 5.2.1
122 silly placeDep ROOT send@0.18.0 OK for: express@4.18.3 want: 0.18.0
123 silly placeDep ROOT serve-static@1.15.0 OK for: express@4.18.3 want: 1.15.0
124 silly placeDep ROOT setprototypeof@1.2.0 OK for: express@4.18.3 want: 1.2.0
125 silly placeDep ROOT statuses@2.0.1 OK for: express@4.18.3 want: 2.0.1
126 silly placeDep ROOT type-is@1.6.18 OK for: express@4.18.3 want: ~1.6.18
127 silly placeDep ROOT utils-merge@1.0.1 OK for: express@4.18.3 want: 1.0.1
128 silly placeDep ROOT vary@1.1.2 OK for: express@4.18.3 want: ~1.1.2
129 silly fetch manifest mime-types@~2.1.34
130 silly fetch manifest negotiator@0.6.3
131 silly fetch manifest bytes@3.1.2
132 silly fetch manifest destroy@1.2.0
133 silly fetch manifest iconv-lite@0.4.24
134 silly fetch manifest raw-body@2.5.2
135 silly fetch manifest unpipe@1.0.0
136 silly fetch manifest ms@2.0.0
137 silly fetch manifest unpipe@~1.0.0
138 silly fetch manifest toidentifier@1.0.1
139 silly fetch manifest ee-first@1.1.1
140 silly fetch manifest forwarded@0.2.0
141 silly fetch manifest ipaddr.js@1.9.1
142 silly fetch manifest side-channel@^1.0.4
143 silly fetch manifest mime@1.6.0
144 silly fetch manifest ms@2.1.3
145 silly fetch manifest media-typer@0.3.0
146 silly fetch manifest mime-types@~2.1.24
147 http fetch GET 200 https://registry.npmjs.org/forwarded 354ms (cache miss)
148 http fetch GET 200 https://registry.npmjs.org/unpipe 365ms (cache miss)
149 http fetch GET 200 https://registry.npmjs.org/media-typer 335ms (cache miss)
150 http fetch GET 200 https://registry.npmjs.org/ee-first 367ms (cache miss)
151 http fetch GET 200 https://registry.npmjs.org/destroy 379ms (cache miss)
152 http fetch GET 200 https://registry.npmjs.org/side-channel 369ms (cache miss)
153 http fetch GET 200 https://registry.npmjs.org/ms 381ms (cache miss)
154 http fetch GET 200 https://registry.npmjs.org/bytes 412ms (cache miss)
155 http fetch GET 200 https://registry.npmjs.org/negotiator 417ms (cache miss)
156 http fetch GET 200 https://registry.npmjs.org/toidentifier 416ms (cache miss)
157 http fetch GET 200 https://registry.npmjs.org/ipaddr.js 424ms (cache miss)
158 http fetch GET 200 https://registry.npmjs.org/raw-body 440ms (cache miss)
159 http fetch GET 200 https://registry.npmjs.org/iconv-lite 443ms (cache miss)
160 http fetch GET 200 https://registry.npmjs.org/mime 431ms (cache miss)
161 http fetch GET 200 https://registry.npmjs.org/mime-types 458ms (cache miss)
162 timing idealTree:node_modules/express Completed in 643ms
163 silly placeDep ROOT mime-types@2.1.35 OK for: accepts@1.3.8 want: ~2.1.34
164 silly placeDep ROOT negotiator@0.6.3 OK for: accepts@1.3.8 want: 0.6.3
165 silly fetch manifest mime-db@1.52.0
166 http fetch GET 200 https://registry.npmjs.org/mime-db 59ms (cache miss)
167 timing idealTree:node_modules/accepts Completed in 65ms
168 timing idealTree:node_modules/array-flatten Completed in 0ms
169 silly placeDep ROOT bytes@3.1.2 OK for: body-parser@1.20.2 want: 3.1.2
170 silly placeDep node_modules/body-parser debug@2.6.9 OK for: body-parser@1.20.2 want: 2.6.9
171 silly placeDep ROOT destroy@1.2.0 OK for: body-parser@1.20.2 want: 1.2.0
172 silly placeDep ROOT iconv-lite@0.4.24 OK for: body-parser@1.20.2 want: 0.4.24
173 silly placeDep ROOT raw-body@2.5.2 OK for: body-parser@1.20.2 want: 2.5.2
174 silly placeDep ROOT unpipe@1.0.0 OK for: body-parser@1.20.2 want: 1.0.0
175 silly fetch manifest safer-buffer@>= 2.1.2 < 3
176 http fetch GET 200 https://registry.npmjs.org/safer-buffer 68ms (cache miss)
177 timing idealTree:node_modules/body-parser Completed in 97ms
178 timing idealTree:node_modules/bytes Completed in 0ms
179 timing idealTree:node_modules/content-disposition Completed in 0ms
180 timing idealTree:node_modules/content-type Completed in 0ms
181 timing idealTree:node_modules/cookie Completed in 0ms
182 timing idealTree:node_modules/cookie-signature Completed in 0ms
183 timing idealTree:node_modules/depd Completed in 0ms
184 timing idealTree:node_modules/destroy Completed in 0ms
185 timing idealTree:node_modules/encodeurl Completed in 0ms
186 timing idealTree:node_modules/escape-html Completed in 0ms
187 timing idealTree:node_modules/etag Completed in 0ms
188 silly placeDep node_modules/finalhandler debug@2.6.9 OK for: finalhandler@1.2.0 want: 2.6.9
189 timing idealTree:node_modules/finalhandler Completed in 12ms
190 timing idealTree:node_modules/fresh Completed in 0ms
191 silly placeDep ROOT toidentifier@1.0.1 OK for: http-errors@2.0.0 want: 1.0.1
192 timing idealTree:node_modules/http-errors Completed in 9ms
193 silly placeDep ROOT safer-buffer@2.1.2 OK for: iconv-lite@0.4.24 want: >= 2.1.2 < 3
194 timing idealTree:node_modules/iconv-lite Completed in 2ms
195 timing idealTree:node_modules/merge-descriptors Completed in 0ms
196 timing idealTree:node_modules/methods Completed in 0ms
197 silly placeDep ROOT mime-db@1.52.0 OK for: mime-types@2.1.35 want: 1.52.0
198 timing idealTree:node_modules/mime-types Completed in 2ms
199 timing idealTree:node_modules/mime-db Completed in 0ms
200 timing idealTree:node_modules/negotiator Completed in 0ms
201 silly placeDep ROOT ee-first@1.1.1 OK for: on-finished@2.4.1 want: 1.1.1
202 timing idealTree:node_modules/on-finished Completed in 8ms
203 timing idealTree:node_modules/ee-first Completed in 0ms
204 timing idealTree:node_modules/parseurl Completed in 0ms
205 timing idealTree:node_modules/path-to-regexp Completed in 0ms
206 silly placeDep ROOT forwarded@0.2.0 OK for: proxy-addr@2.0.7 want: 0.2.0
207 silly placeDep ROOT ipaddr.js@1.9.1 OK for: proxy-addr@2.0.7 want: 1.9.1
208 timing idealTree:node_modules/proxy-addr Completed in 3ms
209 timing idealTree:node_modules/forwarded Completed in 0ms
210 timing idealTree:node_modules/ipaddr.js Completed in 0ms
211 silly placeDep ROOT side-channel@1.0.6 OK for: qs@6.11.0 want: ^1.0.4
212 silly fetch manifest call-bind@^1.0.7
213 silly fetch manifest es-errors@^1.3.0
214 silly fetch manifest get-intrinsic@^1.2.4
215 silly fetch manifest object-inspect@^1.13.1
216 http fetch GET 200 https://registry.npmjs.org/call-bind 100ms (cache miss)
217 http fetch GET 200 https://registry.npmjs.org/get-intrinsic 119ms (cache miss)
218 http fetch GET 200 https://registry.npmjs.org/es-errors 122ms (cache miss)
219 http fetch GET 200 https://registry.npmjs.org/object-inspect 121ms (cache miss)
220 timing idealTree:node_modules/qs Completed in 151ms
221 timing idealTree:node_modules/range-parser Completed in 0ms
222 timing idealTree:node_modules/raw-body Completed in 0ms
223 timing idealTree:node_modules/safe-buffer Completed in 0ms
224 timing idealTree:node_modules/safer-buffer Completed in 0ms
225 silly placeDep node_modules/send debug@2.6.9 OK for: send@0.18.0 want: 2.6.9
226 silly placeDep ROOT mime@1.6.0 OK for: send@0.18.0 want: 1.6.0
227 silly placeDep node_modules/send ms@2.1.3 OK for: send@0.18.0 want: 2.1.3
228 timing idealTree:node_modules/send Completed in 7ms
229 timing idealTree:node_modules/mime Completed in 0ms
230 timing idealTree:node_modules/serve-static Completed in 0ms
231 timing idealTree:node_modules/setprototypeof Completed in 0ms
232 silly placeDep ROOT call-bind@1.0.7 OK for: side-channel@1.0.6 want: ^1.0.7
233 silly placeDep ROOT es-errors@1.3.0 OK for: side-channel@1.0.6 want: ^1.3.0
234 silly placeDep ROOT get-intrinsic@1.2.4 OK for: side-channel@1.0.6 want: ^1.2.4
235 silly placeDep ROOT object-inspect@1.13.1 OK for: side-channel@1.0.6 want: ^1.13.1
236 silly fetch manifest es-define-property@^1.0.0
237 silly fetch manifest function-bind@^1.1.2
238 silly fetch manifest set-function-length@^1.2.1
239 silly fetch manifest has-proto@^1.0.1
240 silly fetch manifest has-symbols@^1.0.3
241 silly fetch manifest hasown@^2.0.0
242 http fetch GET 200 https://registry.npmjs.org/es-define-property 106ms (cache miss)
243 http fetch GET 200 https://registry.npmjs.org/hasown 102ms (cache miss)
244 http fetch GET 200 https://registry.npmjs.org/function-bind 107ms (cache miss)
245 http fetch GET 200 https://registry.npmjs.org/set-function-length 107ms (cache miss)
246 http fetch GET 200 https://registry.npmjs.org/has-proto 107ms (cache miss)
247 http fetch GET 200 https://registry.npmjs.org/has-symbols 108ms (cache miss)
248 timing idealTree:node_modules/side-channel Completed in 126ms
249 silly placeDep ROOT es-define-property@1.0.0 OK for: call-bind@1.0.7 want: ^1.0.0
250 silly placeDep ROOT function-bind@1.1.2 OK for: call-bind@1.0.7 want: ^1.1.2
251 silly placeDep ROOT set-function-length@1.2.1 OK for: call-bind@1.0.7 want: ^1.2.1
252 silly fetch manifest define-data-property@^1.1.2
253 silly fetch manifest gopd@^1.0.1
254 silly fetch manifest has-property-descriptors@^1.0.1
255 http fetch GET 200 https://registry.npmjs.org/gopd 69ms (cache miss)
256 http fetch GET 200 https://registry.npmjs.org/has-property-descriptors 69ms (cache miss)
257 http fetch GET 200 https://registry.npmjs.org/define-data-property 81ms (cache miss)
258 timing idealTree:node_modules/call-bind Completed in 89ms
259 timing idealTree:node_modules/es-define-property Completed in 0ms
260 timing idealTree:node_modules/es-errors Completed in 0ms
261 timing idealTree:node_modules/function-bind Completed in 0ms
262 silly placeDep ROOT has-proto@1.0.3 OK for: get-intrinsic@1.2.4 want: ^1.0.1
263 silly placeDep ROOT has-symbols@1.0.3 OK for: get-intrinsic@1.2.4 want: ^1.0.3
264 silly placeDep ROOT hasown@2.0.1 OK for: get-intrinsic@1.2.4 want: ^2.0.0
265 timing idealTree:node_modules/get-intrinsic Completed in 10ms
266 timing idealTree:node_modules/has-proto Completed in 1ms
267 timing idealTree:node_modules/has-symbols Completed in 1ms
268 timing idealTree:node_modules/hasown Completed in 0ms
269 timing idealTree:node_modules/object-inspect Completed in 0ms
270 silly placeDep ROOT define-data-property@1.1.4 OK for: set-function-length@1.2.1 want: ^1.1.2
271 silly placeDep ROOT gopd@1.0.1 OK for: set-function-length@1.2.1 want: ^1.0.1
272 silly placeDep ROOT has-property-descriptors@1.0.2 OK for: set-function-length@1.2.1 want: ^1.0.1
273 timing idealTree:node_modules/set-function-length Completed in 8ms
274 timing idealTree:node_modules/define-data-property Completed in 0ms
275 timing idealTree:node_modules/gopd Completed in 0ms
276 timing idealTree:node_modules/has-property-descriptors Completed in 0ms
277 timing idealTree:node_modules/statuses Completed in 0ms
278 timing idealTree:node_modules/toidentifier Completed in 0ms
279 silly placeDep ROOT media-typer@0.3.0 OK for: type-is@1.6.18 want: 0.3.0
280 timing idealTree:node_modules/type-is Completed in 5ms
281 timing idealTree:node_modules/media-typer Completed in 0ms
282 timing idealTree:node_modules/unpipe Completed in 0ms
283 timing idealTree:node_modules/utils-merge Completed in 0ms
284 timing idealTree:node_modules/vary Completed in 0ms
285 silly placeDep node_modules/body-parser ms@2.0.0 OK for: debug@2.6.9 want: 2.0.0
286 timing idealTree:node_modules/body-parser/node_modules/debug Completed in 2ms
287 timing idealTree:node_modules/body-parser/node_modules/ms Completed in 0ms
288 silly placeDep node_modules/express ms@2.0.0 OK for: debug@2.6.9 want: 2.0.0
289 timing idealTree:node_modules/express/node_modules/debug Completed in 14ms
290 timing idealTree:node_modules/express/node_modules/ms Completed in 0ms
291 silly placeDep node_modules/finalhandler ms@2.0.0 OK for: debug@2.6.9 want: 2.0.0
292 timing idealTree:node_modules/finalhandler/node_modules/debug Completed in 2ms
293 timing idealTree:node_modules/finalhandler/node_modules/ms Completed in 0ms
294 silly placeDep node_modules/send/node_modules/debug ms@2.0.0 OK for: debug@2.6.9 want: 2.0.0
295 timing idealTree:node_modules/send/node_modules/debug Completed in 2ms
296 timing idealTree:node_modules/send/node_modules/ms Completed in 0ms
297 timing idealTree:node_modules/send/node_modules/debug/node_modules/ms Completed in 0ms
298 timing idealTree:buildDeps Completed in 2678ms
299 timing idealTree:fixDepFlags Completed in 11ms
300 timing idealTree Completed in 3148ms
301 timing reify:loadTrees Completed in 3149ms
302 timing reify:diffTrees Completed in 7ms
303 silly reify moves {}
304 timing reify:retireShallow Completed in 5ms
305 timing reify:createSparse Completed in 37ms
306 timing reify:loadBundles Completed in 0ms
307 silly audit bulk request {
307 silly audit   '@aashutoshrathi/word-wrap': [ '1.2.6' ],
307 silly audit   '@eslint-community/eslint-utils': [ '4.4.0' ],
307 silly audit   '@eslint-community/regexpp': [ '4.10.0' ],
307 silly audit   '@eslint/eslintrc': [ '2.1.4' ],
307 silly audit   '@eslint/js': [ '8.57.0' ],
307 silly audit   '@humanwhocodes/config-array': [ '0.11.14' ],
307 silly audit   '@humanwhocodes/module-importer': [ '1.0.1' ],
307 silly audit   '@humanwhocodes/object-schema': [ '2.0.2' ],
307 silly audit   '@nodelib/fs.scandir': [ '2.1.5' ],
307 silly audit   '@nodelib/fs.stat': [ '2.0.5' ],
307 silly audit   '@nodelib/fs.walk': [ '1.2.8' ],
307 silly audit   '@ungap/structured-clone': [ '1.2.0' ],
307 silly audit   acorn: [ '8.11.3' ],
307 silly audit   'acorn-jsx': [ '5.3.2' ],
307 silly audit   ajv: [ '6.12.6' ],
307 silly audit   'ansi-regex': [ '5.0.1' ],
307 silly audit   'ansi-styles': [ '4.3.0' ],
307 silly audit   argparse: [ '2.0.1' ],
307 silly audit   'balanced-match': [ '1.0.2' ],
307 silly audit   'brace-expansion': [ '1.1.11' ],
307 silly audit   callsites: [ '3.1.0' ],
307 silly audit   chalk: [ '4.1.2' ],
307 silly audit   'color-convert': [ '2.0.1' ],
307 silly audit   'color-name': [ '1.1.4' ],
307 silly audit   'concat-map': [ '0.0.1' ],
307 silly audit   'cross-spawn': [ '7.0.3' ],
307 silly audit   debug: [ '4.3.4', '2.6.9' ],
307 silly audit   'deep-is': [ '0.1.4' ],
307 silly audit   doctrine: [ '3.0.0' ],
307 silly audit   'escape-string-regexp': [ '4.0.0' ],
307 silly audit   eslint: [ '8.57.0' ],
307 silly audit   'eslint-scope': [ '7.2.2' ],
307 silly audit   'eslint-visitor-keys': [ '3.4.3' ],
307 silly audit   espree: [ '9.6.1' ],
307 silly audit   esquery: [ '1.5.0' ],
307 silly audit   esrecurse: [ '4.3.0' ],
307 silly audit   estraverse: [ '5.3.0' ],
307 silly audit   esutils: [ '2.0.3' ],
307 silly audit   'fast-deep-equal': [ '3.1.3' ],
307 silly audit   'fast-json-stable-stringify': [ '2.1.0' ],
307 silly audit   'fast-levenshtein': [ '2.0.6' ],
307 silly audit   fastq: [ '1.17.1' ],
307 silly audit   'file-entry-cache': [ '6.0.1' ],
307 silly audit   'find-up': [ '5.0.0' ],
307 silly audit   'flat-cache': [ '3.2.0' ],
307 silly audit   flatted: [ '3.3.1' ],
307 silly audit   'fs.realpath': [ '1.0.0' ],
307 silly audit   glob: [ '7.2.3' ],
307 silly audit   'glob-parent': [ '6.0.2' ],
307 silly audit   globals: [ '13.24.0' ],
307 silly audit   graphemer: [ '1.4.0' ],
307 silly audit   'has-flag': [ '4.0.0' ],
307 silly audit   ignore: [ '5.3.1' ],
307 silly audit   'import-fresh': [ '3.3.0' ],
307 silly audit   imurmurhash: [ '0.1.4' ],
307 silly audit   inflight: [ '1.0.6' ],
307 silly audit   inherits: [ '2.0.4' ],
307 silly audit   'is-extglob': [ '2.1.1' ],
307 silly audit   'is-glob': [ '4.0.3' ],
307 silly audit   'is-path-inside': [ '3.0.3' ],
307 silly audit   isexe: [ '2.0.0' ],
307 silly audit   'js-yaml': [ '4.1.0' ],
307 silly audit   'json-buffer': [ '3.0.1' ],
307 silly audit   'json-schema-traverse': [ '0.4.1' ],
307 silly audit   'json-stable-stringify-without-jsonify': [ '1.0.1' ],
307 silly audit   keyv: [ '4.5.4' ],
307 silly audit   levn: [ '0.4.1' ],
307 silly audit   'locate-path': [ '6.0.0' ],
307 silly audit   'lodash.merge': [ '4.6.2' ],
307 silly audit   minimatch: [ '3.1.2' ],
307 silly audit   ms: [ '2.1.2', '2.1.3', '2.0.0' ],
307 silly audit   'natural-compare': [ '1.4.0' ],
307 silly audit   once: [ '1.4.0' ],
307 silly audit   optionator: [ '0.9.3' ],
307 silly audit   'p-limit': [ '3.1.0' ],
307 silly audit   'p-locate': [ '5.0.0' ],
307 silly audit   'parent-module': [ '1.0.1' ],
307 silly audit   'path-exists': [ '4.0.0' ],
307 silly audit   'path-is-absolute': [ '1.0.1' ],
307 silly audit   'path-key': [ '3.1.1' ],
307 silly audit   'prelude-ls': [ '1.2.1' ],
307 silly audit   punycode: [ '2.3.1' ],
307 silly audit   'queue-microtask': [ '1.2.3' ],
307 silly audit   'resolve-from': [ '4.0.0' ],
307 silly audit   reusify: [ '1.0.4' ],
307 silly audit   rimraf: [ '3.0.2' ],
307 silly audit   'run-parallel': [ '1.2.0' ],
307 silly audit   'shebang-command': [ '2.0.0' ],
307 silly audit   'shebang-regex': [ '3.0.0' ],
307 silly audit   'strip-ansi': [ '6.0.1' ],
307 silly audit   'strip-json-comments': [ '3.1.1' ],
307 silly audit   'supports-color': [ '7.2.0' ],
307 silly audit   'text-table': [ '0.2.0' ],
307 silly audit   'type-check': [ '0.4.0' ],
307 silly audit   'type-fest': [ '0.20.2' ],
307 silly audit   'uri-js': [ '4.4.1' ],
307 silly audit   which: [ '2.0.2' ],
307 silly audit   wrappy: [ '1.0.2' ],
307 silly audit   'yocto-queue': [ '0.1.0' ],
307 silly audit   express: [ '4.18.3' ],
307 silly audit   accepts: [ '1.3.8' ],
307 silly audit   'array-flatten': [ '1.1.1' ],
307 silly audit   'body-parser': [ '1.20.2' ],
307 silly audit   'content-disposition': [ '0.5.4' ],
307 silly audit   'content-type': [ '1.0.5' ],
307 silly audit   cookie: [ '0.5.0' ],
307 silly audit   'cookie-signature': [ '1.0.6' ],
307 silly audit   depd: [ '2.0.0' ],
307 silly audit   encodeurl: [ '1.0.2' ],
307 silly audit   'escape-html': [ '1.0.3' ],
307 silly audit   etag: [ '1.8.1' ],
307 silly audit   finalhandler: [ '1.2.0' ],
307 silly audit   fresh: [ '0.5.2' ],
307 silly audit   'http-errors': [ '2.0.0' ],
307 silly audit   'merge-descriptors': [ '1.0.1' ],
307 silly audit   methods: [ '1.1.2' ],
307 silly audit   'on-finished': [ '2.4.1' ],
307 silly audit   parseurl: [ '1.3.3' ],
307 silly audit   'path-to-regexp': [ '0.1.7' ],
307 silly audit   'proxy-addr': [ '2.0.7' ],
307 silly audit   qs: [ '6.11.0' ],
307 silly audit   'range-parser': [ '1.2.1' ],
307 silly audit   'safe-buffer': [ '5.2.1' ],
307 silly audit   send: [ '0.18.0' ],
307 silly audit   'serve-static': [ '1.15.0' ],
307 silly audit   setprototypeof: [ '1.2.0' ],
307 silly audit   statuses: [ '2.0.1' ],
307 silly audit   'type-is': [ '1.6.18' ],
307 silly audit   'utils-merge': [ '1.0.1' ],
307 silly audit   vary: [ '1.1.2' ],
307 silly audit   'mime-types': [ '2.1.35' ],
307 silly audit   negotiator: [ '0.6.3' ],
307 silly audit   bytes: [ '3.1.2' ],
307 silly audit   destroy: [ '1.2.0' ],
307 silly audit   'iconv-lite': [ '0.4.24' ],
307 silly audit   'raw-body': [ '2.5.2' ],
307 silly audit   unpipe: [ '1.0.0' ],
307 silly audit   toidentifier: [ '1.0.1' ],
307 silly audit   'safer-buffer': [ '2.1.2' ],
307 silly audit   'mime-db': [ '1.52.0' ],
307 silly audit   'ee-first': [ '1.1.1' ],
307 silly audit   forwarded: [ '0.2.0' ],
307 silly audit   'ipaddr.js': [ '1.9.1' ],
307 silly audit   'side-channel': [ '1.0.6' ],
307 silly audit   mime: [ '1.6.0' ],
307 silly audit   'call-bind': [ '1.0.7' ],
307 silly audit   'es-errors': [ '1.3.0' ],
307 silly audit   'get-intrinsic': [ '1.2.4' ],
307 silly audit   'object-inspect': [ '1.13.1' ],
307 silly audit   'es-define-property': [ '1.0.0' ],
307 silly audit   'function-bind': [ '1.1.2' ],
307 silly audit   'set-function-length': [ '1.2.1' ],
307 silly audit   'has-proto': [ '1.0.3' ],
307 silly audit   'has-symbols': [ '1.0.3' ],
307 silly audit   hasown: [ '2.0.1' ],
307 silly audit   'define-data-property': [ '1.1.4' ],
307 silly audit   gopd: [ '1.0.1' ],
307 silly audit   'has-property-descriptors': [ '1.0.2' ],
307 silly audit   'media-typer': [ '0.3.0' ]
307 silly audit }
308 silly tarball no local data for media-typer@https://registry.npmjs.org/media-typer/-/media-typer-0.3.0.tgz. Extracting by manifest.
309 silly tarball no local data for has-property-descriptors@https://registry.npmjs.org/has-property-descriptors/-/has-property-descriptors-1.0.2.tgz. Extracting by manifest.
310 silly tarball no local data for gopd@https://registry.npmjs.org/gopd/-/gopd-1.0.1.tgz. Extracting by manifest.
311 silly tarball no local data for define-data-property@https://registry.npmjs.org/define-data-property/-/define-data-property-1.1.4.tgz. Extracting by manifest.
312 silly tarball no local data for hasown@https://registry.npmjs.org/hasown/-/hasown-2.0.1.tgz. Extracting by manifest.
313 silly tarball no local data for has-symbols@https://registry.npmjs.org/has-symbols/-/has-symbols-1.0.3.tgz. Extracting by manifest.
314 silly tarball no local data for has-proto@https://registry.npmjs.org/has-proto/-/has-proto-1.0.3.tgz. Extracting by manifest.
315 silly tarball no local data for set-function-length@https://registry.npmjs.org/set-function-length/-/set-function-length-1.2.1.tgz. Extracting by manifest.
316 silly tarball no local data for function-bind@https://registry.npmjs.org/function-bind/-/function-bind-1.1.2.tgz. Extracting by manifest.
317 silly tarball no local data for es-define-property@https://registry.npmjs.org/es-define-property/-/es-define-property-1.0.0.tgz. Extracting by manifest.
318 silly tarball no local data for object-inspect@https://registry.npmjs.org/object-inspect/-/object-inspect-1.13.1.tgz. Extracting by manifest.
319 silly tarball no local data for get-intrinsic@https://registry.npmjs.org/get-intrinsic/-/get-intrinsic-1.2.4.tgz. Extracting by manifest.
320 silly tarball no local data for es-errors@https://registry.npmjs.org/es-errors/-/es-errors-1.3.0.tgz. Extracting by manifest.
321 silly tarball no local data for call-bind@https://registry.npmjs.org/call-bind/-/call-bind-1.0.7.tgz. Extracting by manifest.
322 silly tarball no local data for mime@https://registry.npmjs.org/mime/-/mime-1.6.0.tgz. Extracting by manifest.
323 silly tarball no local data for side-channel@https://registry.npmjs.org/side-channel/-/side-channel-1.0.6.tgz. Extracting by manifest.
324 silly tarball no local data for ipaddr.js@https://registry.npmjs.org/ipaddr.js/-/ipaddr.js-1.9.1.tgz. Extracting by manifest.
325 silly tarball no local data for forwarded@https://registry.npmjs.org/forwarded/-/forwarded-0.2.0.tgz. Extracting by manifest.
326 silly tarball no local data for ee-first@https://registry.npmjs.org/ee-first/-/ee-first-1.1.1.tgz. Extracting by manifest.
327 silly tarball no local data for mime-db@https://registry.npmjs.org/mime-db/-/mime-db-1.52.0.tgz. Extracting by manifest.
328 silly tarball no local data for safer-buffer@https://registry.npmjs.org/safer-buffer/-/safer-buffer-2.1.2.tgz. Extracting by manifest.
329 silly tarball no local data for toidentifier@https://registry.npmjs.org/toidentifier/-/toidentifier-1.0.1.tgz. Extracting by manifest.
330 silly tarball no local data for unpipe@https://registry.npmjs.org/unpipe/-/unpipe-1.0.0.tgz. Extracting by manifest.
331 silly tarball no local data for raw-body@https://registry.npmjs.org/raw-body/-/raw-body-2.5.2.tgz. Extracting by manifest.
332 silly tarball no local data for iconv-lite@https://registry.npmjs.org/iconv-lite/-/iconv-lite-0.4.24.tgz. Extracting by manifest.
333 silly tarball no local data for destroy@https://registry.npmjs.org/destroy/-/destroy-1.2.0.tgz. Extracting by manifest.
334 silly tarball no local data for bytes@https://registry.npmjs.org/bytes/-/bytes-3.1.2.tgz. Extracting by manifest.
335 silly tarball no local data for negotiator@https://registry.npmjs.org/negotiator/-/negotiator-0.6.3.tgz. Extracting by manifest.
336 silly tarball no local data for mime-types@https://registry.npmjs.org/mime-types/-/mime-types-2.1.35.tgz. Extracting by manifest.
337 silly tarball no local data for vary@https://registry.npmjs.org/vary/-/vary-1.1.2.tgz. Extracting by manifest.
338 silly tarball no local data for utils-merge@https://registry.npmjs.org/utils-merge/-/utils-merge-1.0.1.tgz. Extracting by manifest.
339 silly tarball no local data for type-is@https://registry.npmjs.org/type-is/-/type-is-1.6.18.tgz. Extracting by manifest.
340 silly tarball no local data for statuses@https://registry.npmjs.org/statuses/-/statuses-2.0.1.tgz. Extracting by manifest.
341 silly tarball no local data for setprototypeof@https://registry.npmjs.org/setprototypeof/-/setprototypeof-1.2.0.tgz. Extracting by manifest.
342 silly tarball no local data for serve-static@https://registry.npmjs.org/serve-static/-/serve-static-1.15.0.tgz. Extracting by manifest.
343 silly tarball no local data for send@https://registry.npmjs.org/send/-/send-0.18.0.tgz. Extracting by manifest.
344 silly tarball no local data for safe-buffer@https://registry.npmjs.org/safe-buffer/-/safe-buffer-5.2.1.tgz. Extracting by manifest.
345 silly tarball no local data for range-parser@https://registry.npmjs.org/range-parser/-/range-parser-1.2.1.tgz. Extracting by manifest.
346 silly tarball no local data for qs@https://registry.npmjs.org/qs/-/qs-6.11.0.tgz. Extracting by manifest.
347 silly tarball no local data for proxy-addr@https://registry.npmjs.org/proxy-addr/-/proxy-addr-2.0.7.tgz. Extracting by manifest.
348 silly tarball no local data for path-to-regexp@https://registry.npmjs.org/path-to-regexp/-/path-to-regexp-0.1.7.tgz. Extracting by manifest.
349 silly tarball no local data for parseurl@https://registry.npmjs.org/parseurl/-/parseurl-1.3.3.tgz. Extracting by manifest.
350 silly tarball no local data for on-finished@https://registry.npmjs.org/on-finished/-/on-finished-2.4.1.tgz. Extracting by manifest.
351 silly tarball no local data for methods@https://registry.npmjs.org/methods/-/methods-1.1.2.tgz. Extracting by manifest.
352 silly tarball no local data for merge-descriptors@https://registry.npmjs.org/merge-descriptors/-/merge-descriptors-1.0.1.tgz. Extracting by manifest.
353 silly tarball no local data for http-errors@https://registry.npmjs.org/http-errors/-/http-errors-2.0.0.tgz. Extracting by manifest.
354 silly tarball no local data for fresh@https://registry.npmjs.org/fresh/-/fresh-0.5.2.tgz. Extracting by manifest.
355 silly tarball no local data for finalhandler@https://registry.npmjs.org/finalhandler/-/finalhandler-1.2.0.tgz. Extracting by manifest.
356 silly tarball no local data for etag@https://registry.npmjs.org/etag/-/etag-1.8.1.tgz. Extracting by manifest.
357 silly tarball no local data for escape-html@https://registry.npmjs.org/escape-html/-/escape-html-1.0.3.tgz. Extracting by manifest.
358 silly tarball no local data for encodeurl@https://registry.npmjs.org/encodeurl/-/encodeurl-1.0.2.tgz. Extracting by manifest.
359 silly tarball no local data for depd@https://registry.npmjs.org/depd/-/depd-2.0.0.tgz. Extracting by manifest.
360 silly tarball no local data for cookie-signature@https://registry.npmjs.org/cookie-signature/-/cookie-signature-1.0.6.tgz. Extracting by manifest.
361 silly tarball no local data for cookie@https://registry.npmjs.org/cookie/-/cookie-0.5.0.tgz. Extracting by manifest.
362 silly tarball no local data for content-type@https://registry.npmjs.org/content-type/-/content-type-1.0.5.tgz. Extracting by manifest.
363 silly tarball no local data for content-disposition@https://registry.npmjs.org/content-disposition/-/content-disposition-0.5.4.tgz. Extracting by manifest.
364 silly tarball no local data for body-parser@https://registry.npmjs.org/body-parser/-/body-parser-1.20.2.tgz. Extracting by manifest.
365 silly tarball no local data for array-flatten@https://registry.npmjs.org/array-flatten/-/array-flatten-1.1.1.tgz. Extracting by manifest.
366 silly tarball no local data for accepts@https://registry.npmjs.org/accepts/-/accepts-1.3.8.tgz. Extracting by manifest.
367 silly tarball no local data for express@https://registry.npmjs.org/express/-/express-4.18.3.tgz. Extracting by manifest.
368 silly tarball no local data for ms@https://registry.npmjs.org/ms/-/ms-2.1.3.tgz. Extracting by manifest.
369 silly tarball no local data for debug@https://registry.npmjs.org/debug/-/debug-2.6.9.tgz. Extracting by manifest.
370 silly tarball no local data for ms@https://registry.npmjs.org/ms/-/ms-2.0.0.tgz. Extracting by manifest.
371 silly tarball no local data for ms@https://registry.npmjs.org/ms/-/ms-2.0.0.tgz. Extracting by manifest.
372 silly tarball no local data for debug@https://registry.npmjs.org/debug/-/debug-2.6.9.tgz. Extracting by manifest.
373 silly tarball no local data for ms@https://registry.npmjs.org/ms/-/ms-2.0.0.tgz. Extracting by manifest.
374 silly tarball no local data for debug@https://registry.npmjs.org/debug/-/debug-2.6.9.tgz. Extracting by manifest.
375 silly tarball no local data for ms@https://registry.npmjs.org/ms/-/ms-2.0.0.tgz. Extracting by manifest.
376 silly tarball no local data for debug@https://registry.npmjs.org/debug/-/debug-2.6.9.tgz. Extracting by manifest.
377 http fetch POST 200 https://registry.npmjs.org/-/npm/v1/security/advisories/bulk 1734ms
378 timing auditReport:getReport Completed in 1741ms
379 silly audit report {}
380 timing auditReport:init Completed in 0ms
381 timing reify:audit Completed in 1748ms
382 http fetch GET 200 https://registry.npmjs.org/unpipe/-/unpipe-1.0.0.tgz 1914ms (cache miss)
383 timing reifyNode:node_modules/unpipe Completed in 2377ms
384 http fetch GET 200 https://registry.npmjs.org/gopd/-/gopd-1.0.1.tgz 2281ms (cache miss)
385 timing reifyNode:node_modules/gopd Completed in 2420ms
386 http fetch GET 200 https://registry.npmjs.org/range-parser/-/range-parser-1.2.1.tgz 1861ms (cache miss)
387 timing reifyNode:node_modules/range-parser Completed in 2429ms
388 http fetch GET 200 https://registry.npmjs.org/vary/-/vary-1.1.2.tgz 1922ms (cache miss)
389 timing reifyNode:node_modules/vary Completed in 2435ms
390 http fetch GET 200 https://registry.npmjs.org/ee-first/-/ee-first-1.1.1.tgz 2110ms (cache miss)
391 timing reifyNode:node_modules/ee-first Completed in 2463ms
392 http fetch GET 200 https://registry.npmjs.org/merge-descriptors/-/merge-descriptors-1.0.1.tgz 1850ms (cache miss)
393 timing reifyNode:node_modules/merge-descriptors Completed in 2478ms
394 http fetch GET 200 https://registry.npmjs.org/fresh/-/fresh-0.5.2.tgz 1844ms (cache miss)
395 timing reifyNode:node_modules/fresh Completed in 2483ms
396 http fetch GET 200 https://registry.npmjs.org/finalhandler/-/finalhandler-1.2.0.tgz 1795ms (cache miss)
397 timing reifyNode:node_modules/finalhandler Completed in 2489ms
398 http fetch GET 200 https://registry.npmjs.org/encodeurl/-/encodeurl-1.0.2.tgz 1773ms (cache miss)
399 timing reifyNode:node_modules/encodeurl Completed in 2506ms
400 http fetch GET 200 https://registry.npmjs.org/methods/-/methods-1.1.2.tgz 1891ms (cache miss)
401 timing reifyNode:node_modules/methods Completed in 2512ms
402 http fetch GET 200 https://registry.npmjs.org/utils-merge/-/utils-merge-1.0.1.tgz 2014ms (cache miss)
403 timing reifyNode:node_modules/utils-merge Completed in 2536ms
404 http fetch GET 200 https://registry.npmjs.org/ms/-/ms-2.0.0.tgz 1704ms (cache miss)
405 timing reifyNode:node_modules/send/node_modules/debug/node_modules/ms Completed in 2550ms
406 http fetch GET 200 https://registry.npmjs.org/path-to-regexp/-/path-to-regexp-0.1.7.tgz 1968ms (cache miss)
407 timing reifyNode:node_modules/path-to-regexp Completed in 2564ms
408 http fetch GET 200 https://registry.npmjs.org/setprototypeof/-/setprototypeof-1.2.0.tgz 2050ms (cache miss)
409 timing reifyNode:node_modules/setprototypeof Completed in 2588ms
410 http fetch GET 200 https://registry.npmjs.org/negotiator/-/negotiator-0.6.3.tgz 2156ms (cache miss)
411 timing reifyNode:node_modules/negotiator Completed in 2646ms
412 http fetch GET 200 https://registry.npmjs.org/escape-html/-/escape-html-1.0.3.tgz 1921ms (cache miss)
413 timing reifyNode:node_modules/escape-html Completed in 2650ms
414 http fetch GET 200 https://registry.npmjs.org/ms/-/ms-2.0.0.tgz 1759ms (cache miss)
415 timing reifyNode:node_modules/express/node_modules/ms Completed in 2656ms
416 http fetch GET 200 https://registry.npmjs.org/ms/-/ms-2.0.0.tgz 1802ms (cache miss)
417 timing reifyNode:node_modules/finalhandler/node_modules/ms Completed in 2666ms
418 http fetch GET 200 https://registry.npmjs.org/ms/-/ms-2.0.0.tgz 1807ms (cache miss)
419 timing reifyNode:node_modules/body-parser/node_modules/ms Completed in 2682ms
420 http fetch GET 200 https://registry.npmjs.org/ipaddr.js/-/ipaddr.js-1.9.1.tgz 2451ms (cache miss)
421 timing reifyNode:node_modules/ipaddr.js Completed in 2771ms
422 http fetch GET 200 https://registry.npmjs.org/array-flatten/-/array-flatten-1.1.1.tgz 1972ms (cache miss)
423 timing reifyNode:node_modules/array-flatten Completed in 2782ms
424 http fetch GET 200 https://registry.npmjs.org/ms/-/ms-2.1.3.tgz 1955ms (cache miss)
425 timing reifyNode:node_modules/send/node_modules/ms Completed in 2789ms
426 http fetch GET 200 https://registry.npmjs.org/cookie-signature/-/cookie-signature-1.0.6.tgz 2051ms (cache miss)
427 timing reifyNode:node_modules/cookie-signature Completed in 2797ms
428 http fetch GET 200 https://registry.npmjs.org/content-disposition/-/content-disposition-0.5.4.tgz 2018ms (cache miss)
429 timing reifyNode:node_modules/content-disposition Completed in 2805ms
430 http fetch GET 200 https://registry.npmjs.org/forwarded/-/forwarded-0.2.0.tgz 2520ms (cache miss)
431 timing reifyNode:node_modules/forwarded Completed in 2845ms
432 http fetch GET 200 https://registry.npmjs.org/mime-types/-/mime-types-2.1.35.tgz 2374ms (cache miss)
433 timing reifyNode:node_modules/mime-types Completed in 2869ms
434 http fetch GET 200 https://registry.npmjs.org/etag/-/etag-1.8.1.tgz 2160ms (cache miss)
435 timing reifyNode:node_modules/etag Completed in 2896ms
436 http fetch GET 200 https://registry.npmjs.org/has-proto/-/has-proto-1.0.3.tgz 2730ms (cache miss)
437 timing reifyNode:node_modules/has-proto Completed in 2913ms
438 http fetch GET 200 https://registry.npmjs.org/toidentifier/-/toidentifier-1.0.1.tgz 2504ms (cache miss)
439 timing reifyNode:node_modules/toidentifier Completed in 2937ms
440 http fetch GET 200 https://registry.npmjs.org/destroy/-/destroy-1.2.0.tgz 2473ms (cache miss)
441 timing reifyNode:node_modules/destroy Completed in 2941ms
442 http fetch GET 200 https://registry.npmjs.org/safe-buffer/-/safe-buffer-5.2.1.tgz 2382ms (cache miss)
443 timing reifyNode:node_modules/safe-buffer Completed in 2945ms
444 http fetch GET 200 https://registry.npmjs.org/proxy-addr/-/proxy-addr-2.0.7.tgz 2357ms (cache miss)
445 timing reifyNode:node_modules/proxy-addr Completed in 2948ms
446 http fetch GET 200 https://registry.npmjs.org/statuses/-/statuses-2.0.1.tgz 2424ms (cache miss)
447 timing reifyNode:node_modules/statuses Completed in 2956ms
448 http fetch GET 200 https://registry.npmjs.org/type-is/-/type-is-1.6.18.tgz 2433ms (cache miss)
449 timing reifyNode:node_modules/type-is Completed in 2960ms
450 http fetch GET 200 https://registry.npmjs.org/media-typer/-/media-typer-0.3.0.tgz 2865ms (cache miss)
451 timing reifyNode:node_modules/media-typer Completed in 2977ms
452 http fetch GET 200 https://registry.npmjs.org/raw-body/-/raw-body-2.5.2.tgz 2550ms (cache miss)
453 timing reifyNode:node_modules/raw-body Completed in 2996ms
454 http fetch GET 200 https://registry.npmjs.org/http-errors/-/http-errors-2.0.0.tgz 2364ms (cache miss)
455 timing reifyNode:node_modules/http-errors Completed in 3000ms
456 http fetch GET 200 https://registry.npmjs.org/on-finished/-/on-finished-2.4.1.tgz 2399ms (cache miss)
457 timing reifyNode:node_modules/on-finished Completed in 3004ms
458 http fetch GET 200 https://registry.npmjs.org/content-type/-/content-type-1.0.5.tgz 2279ms (cache miss)
459 timing reifyNode:node_modules/content-type Completed in 3036ms
460 http fetch GET 200 https://registry.npmjs.org/bytes/-/bytes-3.1.2.tgz 2621ms (cache miss)
461 timing reifyNode:node_modules/bytes Completed in 3104ms
462 http fetch GET 200 https://registry.npmjs.org/serve-static/-/serve-static-1.15.0.tgz 2569ms (cache miss)
463 timing reifyNode:node_modules/serve-static Completed in 3111ms
464 http fetch GET 200 https://registry.npmjs.org/cookie/-/cookie-0.5.0.tgz 2365ms (cache miss)
465 timing reifyNode:node_modules/cookie Completed in 3117ms
466 http fetch GET 200 https://registry.npmjs.org/send/-/send-0.18.0.tgz 2577ms (cache miss)
467 timing reifyNode:node_modules/send Completed in 3133ms
468 http fetch GET 200 https://registry.npmjs.org/parseurl/-/parseurl-1.3.3.tgz 2538ms (cache miss)
469 timing reifyNode:node_modules/parseurl Completed in 3139ms
470 http fetch GET 200 https://registry.npmjs.org/has-property-descriptors/-/has-property-descriptors-1.0.2.tgz 3032ms (cache miss)
471 timing reifyNode:node_modules/has-property-descriptors Completed in 3155ms
472 http fetch GET 200 https://registry.npmjs.org/es-define-property/-/es-define-property-1.0.0.tgz 2922ms (cache miss)
473 timing reifyNode:node_modules/es-define-property Completed in 3160ms
474 http fetch GET 200 https://registry.npmjs.org/accepts/-/accepts-1.3.8.tgz 2351ms (cache miss)
475 timing reifyNode:node_modules/accepts Completed in 3161ms
476 http fetch GET 200 https://registry.npmjs.org/depd/-/depd-2.0.0.tgz 2437ms (cache miss)
477 timing reifyNode:node_modules/depd Completed in 3180ms
478 http fetch GET 200 https://registry.npmjs.org/hasown/-/hasown-2.0.1.tgz 3025ms (cache miss)
479 timing reifyNode:node_modules/hasown Completed in 3192ms
480 http fetch GET 200 https://registry.npmjs.org/get-intrinsic/-/get-intrinsic-1.2.4.tgz 2964ms (cache miss)
481 timing reifyNode:node_modules/get-intrinsic Completed in 3222ms
482 http fetch GET 200 https://registry.npmjs.org/side-channel/-/side-channel-1.0.6.tgz 2922ms (cache miss)
483 timing reifyNode:node_modules/side-channel Completed in 3232ms
484 http fetch GET 200 https://registry.npmjs.org/function-bind/-/function-bind-1.1.2.tgz 3029ms (cache miss)
485 timing reifyNode:node_modules/function-bind Completed in 3239ms
486 http fetch GET 200 https://registry.npmjs.org/call-bind/-/call-bind-1.0.7.tgz 2971ms (cache miss)
487 timing reifyNode:node_modules/call-bind Completed in 3243ms
488 http fetch GET 200 https://registry.npmjs.org/safer-buffer/-/safer-buffer-2.1.2.tgz 2821ms (cache miss)
489 timing reifyNode:node_modules/safer-buffer Completed in 3249ms
490 http fetch GET 200 https://registry.npmjs.org/set-function-length/-/set-function-length-1.2.1.tgz 3055ms (cache miss)
491 timing reifyNode:node_modules/set-function-length Completed in 3263ms
492 http fetch GET 200 https://registry.npmjs.org/define-data-property/-/define-data-property-1.1.4.tgz 3127ms (cache miss)
493 timing reifyNode:node_modules/define-data-property Completed in 3282ms
494 http fetch GET 200 https://registry.npmjs.org/has-symbols/-/has-symbols-1.0.3.tgz 3112ms (cache miss)
495 timing reifyNode:node_modules/has-symbols Completed in 3286ms
496 http fetch GET 200 https://registry.npmjs.org/es-errors/-/es-errors-1.3.0.tgz 3027ms (cache miss)
497 timing reifyNode:node_modules/es-errors Completed in 3292ms
498 http fetch GET 200 https://registry.npmjs.org/mime/-/mime-1.6.0.tgz 3038ms (cache miss)
499 timing reifyNode:node_modules/mime Completed in 3320ms
500 http fetch GET 200 https://registry.npmjs.org/mime-db/-/mime-db-1.52.0.tgz 2998ms (cache miss)
501 timing reifyNode:node_modules/mime-db Completed in 3415ms
502 http fetch GET 200 https://registry.npmjs.org/body-parser/-/body-parser-1.20.2.tgz 2625ms (cache miss)
503 timing reifyNode:node_modules/body-parser Completed in 3417ms
504 http fetch GET 200 https://registry.npmjs.org/debug/-/debug-2.6.9.tgz 2601ms (cache miss)
505 timing reifyNode:node_modules/send/node_modules/debug Completed in 3440ms
506 http fetch GET 200 https://registry.npmjs.org/debug/-/debug-2.6.9.tgz 2556ms (cache miss)
507 timing reifyNode:node_modules/body-parser/node_modules/debug Completed in 3451ms
508 http fetch GET 200 https://registry.npmjs.org/debug/-/debug-2.6.9.tgz 2550ms (cache miss)
509 timing reifyNode:node_modules/express/node_modules/debug Completed in 3454ms
510 http fetch GET 200 https://registry.npmjs.org/debug/-/debug-2.6.9.tgz 2597ms (cache miss)
511 timing reifyNode:node_modules/finalhandler/node_modules/debug Completed in 3469ms
512 http fetch GET 200 https://registry.npmjs.org/express/-/express-4.18.3.tgz 2670ms (cache miss)
513 timing reifyNode:node_modules/express Completed in 3487ms
514 http fetch GET 200 https://registry.npmjs.org/qs/-/qs-6.11.0.tgz 2934ms (cache miss)
515 timing reifyNode:node_modules/qs Completed in 3521ms
516 http fetch GET 200 https://registry.npmjs.org/object-inspect/-/object-inspect-1.13.1.tgz 3297ms (cache miss)
517 timing reifyNode:node_modules/object-inspect Completed in 3543ms
518 http fetch GET 200 https://registry.npmjs.org/iconv-lite/-/iconv-lite-0.4.24.tgz 3120ms (cache miss)
519 timing reifyNode:node_modules/iconv-lite Completed in 3573ms
520 timing reify:unpack Completed in 3578ms
521 timing reify:unretire Completed in 0ms
522 timing build:queue Completed in 8ms
523 timing build:link:node_modules/mime Completed in 10ms
524 timing build:link Completed in 11ms
525 timing build:deps Completed in 20ms
526 timing build Completed in 21ms
527 timing reify:build Completed in 23ms
528 timing reify:trash Completed in 0ms
529 timing reify:save Completed in 110ms
530 timing reify Completed in 7048ms
531 silly ADD node_modules/media-typer
532 silly ADD node_modules/has-property-descriptors
533 silly ADD node_modules/gopd
534 silly ADD node_modules/define-data-property
535 silly ADD node_modules/hasown
536 silly ADD node_modules/has-symbols
537 silly ADD node_modules/has-proto
538 silly ADD node_modules/set-function-length
539 silly ADD node_modules/function-bind
540 silly ADD node_modules/es-define-property
541 silly ADD node_modules/object-inspect
542 silly ADD node_modules/get-intrinsic
543 silly ADD node_modules/es-errors
544 silly ADD node_modules/call-bind
545 silly ADD node_modules/mime
546 silly ADD node_modules/side-channel
547 silly ADD node_modules/ipaddr.js
548 silly ADD node_modules/forwarded
549 silly ADD node_modules/ee-first
550 silly ADD node_modules/mime-db
551 silly ADD node_modules/safer-buffer
552 silly ADD node_modules/toidentifier
553 silly ADD node_modules/unpipe
554 silly ADD node_modules/raw-body
555 silly ADD node_modules/iconv-lite
556 silly ADD node_modules/destroy
557 silly ADD node_modules/bytes
558 silly ADD node_modules/negotiator
559 silly ADD node_modules/mime-types
560 silly ADD node_modules/vary
561 silly ADD node_modules/utils-merge
562 silly ADD node_modules/type-is
563 silly ADD node_modules/statuses
564 silly ADD node_modules/setprototypeof
565 silly ADD node_modules/serve-static
566 silly ADD node_modules/send
567 silly ADD node_modules/send/node_modules/ms
568 silly ADD node_modules/send/node_modules/debug
569 silly ADD node_modules/send/node_modules/debug/node_modules/ms
570 silly ADD node_modules/safe-buffer
571 silly ADD node_modules/range-parser
572 silly ADD node_modules/qs
573 silly ADD node_modules/proxy-addr
574 silly ADD node_modules/path-to-regexp
575 silly ADD node_modules/parseurl
576 silly ADD node_modules/on-finished
577 silly ADD node_modules/methods
578 silly ADD node_modules/merge-descriptors
579 silly ADD node_modules/http-errors
580 silly ADD node_modules/fresh
581 silly ADD node_modules/finalhandler
582 silly ADD node_modules/finalhandler/node_modules/ms
583 silly ADD node_modules/finalhandler/node_modules/debug
584 silly ADD node_modules/etag
585 silly ADD node_modules/escape-html
586 silly ADD node_modules/encodeurl
587 silly ADD node_modules/depd
588 silly ADD node_modules/cookie-signature
589 silly ADD node_modules/cookie
590 silly ADD node_modules/content-type
591 silly ADD node_modules/content-disposition
592 silly ADD node_modules/body-parser
593 silly ADD node_modules/body-parser/node_modules/ms
594 silly ADD node_modules/body-parser/node_modules/debug
595 silly ADD node_modules/array-flatten
596 silly ADD node_modules/accepts
597 silly ADD node_modules/express
598 silly ADD node_modules/express/node_modules/ms
599 silly ADD node_modules/express/node_modules/debug
600 timing command:install Completed in 7073ms
601 verbose exit 0
602 timing npm Completed in 7471ms
603 info ok
