0 verbose cli [ '/usr/bin/node', '/usr/bin/npm', 'i', '-D', 'eslint' ]
1 info using npm@8.5.1
2 info using node@v12.22.9
3 timing npm:load:whichnode Completed in 2ms
4 timing config:load:defaults Completed in 2ms
5 timing config:load:file:/usr/share/nodejs/npm/npmrc Completed in 4ms
6 timing config:load:builtin Completed in 4ms
7 timing config:load:cli Completed in 5ms
8 timing config:load:env Completed in 1ms
9 timing config:load:project Completed in 2ms
10 timing config:load:file:/home/aaron/.npmrc Completed in 0ms
11 timing config:load:user Completed in 1ms
12 timing config:load:file:/etc/npmrc Completed in 0ms
13 timing config:load:global Completed in 0ms
14 timing config:load:validate Completed in 1ms
15 timing config:load:credentials Completed in 4ms
16 timing config:load:setEnvs Completed in 1ms
17 timing config:load Completed in 22ms
18 timing npm:load:configload Completed in 22ms
19 timing npm:load:setTitle Completed in 1ms
20 timing config:load:flatten Completed in 5ms
21 timing npm:load:display Completed in 8ms
22 verbose logfile /home/aaron/.npm/_logs/2024-03-07T11_00_04_531Z-debug-0.log
23 timing npm:load:logFile Completed in 14ms
24 timing npm:load:timers Completed in 0ms
25 timing npm:load:configScope Completed in 0ms
26 timing npm:load Completed in 49ms
27 timing arborist:ctor Completed in 5ms
28 timing arborist:ctor Completed in 1ms
29 timing idealTree:init Completed in 59ms
30 timing idealTree:userRequests Completed in 8ms
31 silly idealTree buildDeps
32 silly fetch manifest eslint@*
33 http fetch GET 200 https://registry.npmjs.org/eslint 376ms (cache miss)
34 silly placeDep ROOT eslint@8.57.0 OK for:  want: *
35 silly fetch manifest @eslint-community/eslint-utils@^4.2.0
36 silly fetch manifest @eslint-community/regexpp@^4.6.1
37 silly fetch manifest @eslint/eslintrc@^2.1.4
38 silly fetch manifest @eslint/js@8.57.0
39 silly fetch manifest @humanwhocodes/config-array@^0.11.14
40 silly fetch manifest @humanwhocodes/module-importer@^1.0.1
41 silly fetch manifest @nodelib/fs.walk@^1.2.8
42 silly fetch manifest @ungap/structured-clone@^1.2.0
43 silly fetch manifest ajv@^6.12.4
44 silly fetch manifest chalk@^4.0.0
45 silly fetch manifest cross-spawn@^7.0.2
46 silly fetch manifest debug@^4.3.2
47 silly fetch manifest doctrine@^3.0.0
48 silly fetch manifest escape-string-regexp@^4.0.0
49 silly fetch manifest eslint-scope@^7.2.2
50 silly fetch manifest eslint-visitor-keys@^3.4.3
51 silly fetch manifest espree@^9.6.1
52 silly fetch manifest esquery@^1.4.2
53 silly fetch manifest esutils@^2.0.2
54 silly fetch manifest fast-deep-equal@^3.1.3
55 silly fetch manifest file-entry-cache@^6.0.1
56 silly fetch manifest find-up@^5.0.0
57 silly fetch manifest glob-parent@^6.0.2
58 silly fetch manifest globals@^13.19.0
59 silly fetch manifest graphemer@^1.4.0
60 silly fetch manifest ignore@^5.2.0
61 silly fetch manifest imurmurhash@^0.1.4
62 silly fetch manifest is-glob@^4.0.0
63 silly fetch manifest is-path-inside@^3.0.3
64 silly fetch manifest js-yaml@^4.1.0
65 silly fetch manifest json-stable-stringify-without-jsonify@^1.0.1
66 silly fetch manifest levn@^0.4.1
67 silly fetch manifest lodash.merge@^4.6.2
68 silly fetch manifest minimatch@^3.1.2
69 silly fetch manifest natural-compare@^1.4.0
70 silly fetch manifest optionator@^0.9.3
71 silly fetch manifest strip-ansi@^6.0.1
72 silly fetch manifest text-table@^0.2.0
73 http fetch GET 200 https://registry.npmjs.org/@eslint-community%2feslint-utils 2238ms (cache miss)
74 http fetch GET 200 https://registry.npmjs.org/eslint-visitor-keys 2169ms (cache miss)
75 http fetch GET 200 https://registry.npmjs.org/@humanwhocodes%2fmodule-importer 2277ms (cache miss)
76 http fetch GET 200 https://registry.npmjs.org/imurmurhash 2092ms (cache miss)
77 http fetch GET 200 https://registry.npmjs.org/json-stable-stringify-without-jsonify 2020ms (cache miss)
78 http fetch GET 200 https://registry.npmjs.org/esquery 2217ms (cache miss)
79 http fetch GET 200 https://registry.npmjs.org/esutils 2215ms (cache miss)
80 http fetch GET 200 https://registry.npmjs.org/glob-parent 2189ms (cache miss)
81 http fetch GET 200 https://registry.npmjs.org/graphemer 2151ms (cache miss)
82 http fetch GET 200 https://registry.npmjs.org/file-entry-cache 2224ms (cache miss)
83 http fetch GET 200 https://registry.npmjs.org/natural-compare 2013ms (cache miss)
84 http fetch GET 200 https://registry.npmjs.org/levn 2059ms (cache miss)
85 http fetch GET 200 https://registry.npmjs.org/@eslint%2fjs 2340ms (cache miss)
86 http fetch GET 200 https://registry.npmjs.org/escape-string-regexp 2276ms (cache miss)
87 http fetch GET 200 https://registry.npmjs.org/optionator 2040ms (cache miss)
88 http fetch GET 200 https://registry.npmjs.org/text-table 2034ms (cache miss)
89 http fetch GET 200 https://registry.npmjs.org/is-glob 2160ms (cache miss)
90 http fetch GET 200 https://registry.npmjs.org/strip-ansi 2060ms (cache miss)
91 http fetch GET 200 https://registry.npmjs.org/espree 2304ms (cache miss)
92 http fetch GET 200 https://registry.npmjs.org/doctrine 2342ms (cache miss)
93 http fetch GET 200 https://registry.npmjs.org/is-path-inside 2167ms (cache miss)
94 http fetch GET 200 https://registry.npmjs.org/@eslint-community%2fregexpp 2423ms (cache miss)
95 http fetch GET 200 https://registry.npmjs.org/fast-deep-equal 2329ms (cache miss)
96 http fetch GET 200 https://registry.npmjs.org/@ungap%2fstructured-clone 2399ms (cache miss)
97 http fetch GET 200 https://registry.npmjs.org/find-up 2332ms (cache miss)
98 http fetch GET 200 https://registry.npmjs.org/@nodelib%2ffs.walk 2425ms (cache miss)
99 http fetch GET 200 https://registry.npmjs.org/lodash.merge 2142ms (cache miss)
100 http fetch GET 200 https://registry.npmjs.org/cross-spawn 2444ms (cache miss)
101 http fetch GET 200 https://registry.npmjs.org/chalk 2465ms (cache miss)
102 http fetch GET 200 https://registry.npmjs.org/eslint-scope 2435ms (cache miss)
103 http fetch GET 200 https://registry.npmjs.org/js-yaml 2272ms (cache miss)
104 http fetch GET 200 https://registry.npmjs.org/@humanwhocodes%2fconfig-array 2515ms (cache miss)
105 http fetch GET 200 https://registry.npmjs.org/@eslint%2feslintrc 2531ms (cache miss)
106 http fetch GET 200 https://registry.npmjs.org/debug 2479ms (cache miss)
107 http fetch GET 200 https://registry.npmjs.org/globals 2394ms (cache miss)
108 http fetch GET 200 https://registry.npmjs.org/ignore 2362ms (cache miss)
109 http fetch GET 200 https://registry.npmjs.org/minimatch 2238ms (cache miss)
110 http fetch GET 200 https://registry.npmjs.org/ajv 2547ms (cache miss)
111 timing idealTree:#root Completed in 3076ms
112 silly fetch manifest eslint@^6.0.0 || ^7.0.0 || >=8.0.0
113 silly placeDep ROOT @eslint-community/eslint-utils@4.4.0 OK for: eslint@8.57.0 want: ^4.2.0
114 silly placeDep ROOT @eslint-community/regexpp@4.10.0 OK for: eslint@8.57.0 want: ^4.6.1
115 silly placeDep ROOT @eslint/eslintrc@2.1.4 OK for: eslint@8.57.0 want: ^2.1.4
116 silly placeDep ROOT @eslint/js@8.57.0 OK for: eslint@8.57.0 want: 8.57.0
117 silly placeDep ROOT @humanwhocodes/config-array@0.11.14 OK for: eslint@8.57.0 want: ^0.11.14
118 silly placeDep ROOT @humanwhocodes/module-importer@1.0.1 OK for: eslint@8.57.0 want: ^1.0.1
119 silly placeDep ROOT @nodelib/fs.walk@1.2.8 OK for: eslint@8.57.0 want: ^1.2.8
120 silly placeDep ROOT @ungap/structured-clone@1.2.0 OK for: eslint@8.57.0 want: ^1.2.0
121 silly placeDep ROOT ajv@6.12.6 OK for: eslint@8.57.0 want: ^6.12.4
122 silly placeDep ROOT chalk@4.1.2 OK for: eslint@8.57.0 want: ^4.0.0
123 silly placeDep ROOT cross-spawn@7.0.3 OK for: eslint@8.57.0 want: ^7.0.2
124 silly placeDep ROOT debug@4.3.4 OK for: eslint@8.57.0 want: ^4.3.2
125 silly placeDep ROOT doctrine@3.0.0 OK for: eslint@8.57.0 want: ^3.0.0
126 silly placeDep ROOT escape-string-regexp@4.0.0 OK for: eslint@8.57.0 want: ^4.0.0
127 silly placeDep ROOT eslint-scope@7.2.2 OK for: eslint@8.57.0 want: ^7.2.2
128 silly placeDep ROOT eslint-visitor-keys@3.4.3 OK for: eslint@8.57.0 want: ^3.4.3
129 silly placeDep ROOT espree@9.6.1 OK for: eslint@8.57.0 want: ^9.6.1
130 silly placeDep ROOT esquery@1.5.0 OK for: eslint@8.57.0 want: ^1.4.2
131 silly placeDep ROOT esutils@2.0.3 OK for: eslint@8.57.0 want: ^2.0.2
132 silly placeDep ROOT fast-deep-equal@3.1.3 OK for: eslint@8.57.0 want: ^3.1.3
133 silly placeDep ROOT file-entry-cache@6.0.1 OK for: eslint@8.57.0 want: ^6.0.1
134 silly placeDep ROOT find-up@5.0.0 OK for: eslint@8.57.0 want: ^5.0.0
135 silly placeDep ROOT glob-parent@6.0.2 OK for: eslint@8.57.0 want: ^6.0.2
136 silly placeDep ROOT globals@13.24.0 OK for: eslint@8.57.0 want: ^13.19.0
137 silly placeDep ROOT graphemer@1.4.0 OK for: eslint@8.57.0 want: ^1.4.0
138 silly placeDep ROOT ignore@5.3.1 OK for: eslint@8.57.0 want: ^5.2.0
139 silly placeDep ROOT imurmurhash@0.1.4 OK for: eslint@8.57.0 want: ^0.1.4
140 silly placeDep ROOT is-glob@4.0.3 OK for: eslint@8.57.0 want: ^4.0.0
141 silly placeDep ROOT is-path-inside@3.0.3 OK for: eslint@8.57.0 want: ^3.0.3
142 silly placeDep ROOT js-yaml@4.1.0 OK for: eslint@8.57.0 want: ^4.1.0
143 silly placeDep ROOT json-stable-stringify-without-jsonify@1.0.1 OK for: eslint@8.57.0 want: ^1.0.1
144 silly placeDep ROOT levn@0.4.1 OK for: eslint@8.57.0 want: ^0.4.1
145 silly placeDep ROOT lodash.merge@4.6.2 OK for: eslint@8.57.0 want: ^4.6.2
146 silly placeDep ROOT minimatch@3.1.2 OK for: eslint@8.57.0 want: ^3.1.2
147 silly placeDep ROOT natural-compare@1.4.0 OK for: eslint@8.57.0 want: ^1.4.0
148 silly placeDep ROOT optionator@0.9.3 OK for: eslint@8.57.0 want: ^0.9.3
149 silly placeDep ROOT strip-ansi@6.0.1 OK for: eslint@8.57.0 want: ^6.0.1
150 silly placeDep ROOT text-table@0.2.0 OK for: eslint@8.57.0 want: ^0.2.0
151 silly fetch manifest import-fresh@^3.2.1
152 silly fetch manifest strip-json-comments@^3.1.1
153 silly fetch manifest @humanwhocodes/object-schema@^2.0.2
154 silly fetch manifest @nodelib/fs.scandir@2.1.5
155 silly fetch manifest fastq@^1.6.0
156 silly fetch manifest fast-json-stable-stringify@^2.0.0
157 silly fetch manifest json-schema-traverse@^0.4.1
158 silly fetch manifest uri-js@^4.2.2
159 silly fetch manifest ansi-styles@^4.1.0
160 silly fetch manifest supports-color@^7.1.0
161 silly fetch manifest path-key@^3.1.0
162 silly fetch manifest shebang-command@^2.0.0
163 silly fetch manifest which@^2.0.1
164 silly fetch manifest ms@2.1.2
165 silly fetch manifest esrecurse@^4.3.0
166 silly fetch manifest estraverse@^5.2.0
167 silly fetch manifest acorn@^8.9.0
168 silly fetch manifest acorn-jsx@^5.3.2
169 silly fetch manifest estraverse@^5.1.0
170 silly fetch manifest flat-cache@^3.0.4
171 silly fetch manifest locate-path@^6.0.0
172 silly fetch manifest path-exists@^4.0.0
173 silly fetch manifest type-fest@^0.20.2
174 silly fetch manifest is-extglob@^2.1.1
175 silly fetch manifest argparse@^2.0.1
176 silly fetch manifest prelude-ls@^1.2.1
177 silly fetch manifest type-check@~0.4.0
178 silly fetch manifest brace-expansion@^1.1.7
179 silly fetch manifest deep-is@^0.1.3
180 silly fetch manifest @aashutoshrathi/word-wrap@^1.2.3
181 silly fetch manifest type-check@^0.4.0
182 silly fetch manifest fast-levenshtein@^2.0.6
183 silly fetch manifest ansi-regex@^5.0.1
184 http fetch GET 200 https://registry.npmjs.org/path-exists 1042ms (cache miss)
185 http fetch GET 200 https://registry.npmjs.org/shebang-command 1143ms (cache miss)
186 http fetch GET 200 https://registry.npmjs.org/is-extglob 1143ms (cache miss)
187 http fetch GET 200 https://registry.npmjs.org/type-check 1142ms (cache miss)
188 http fetch GET 200 https://registry.npmjs.org/import-fresh 1272ms (cache miss)
189 http fetch GET 200 https://registry.npmjs.org/uri-js 1262ms (cache miss)
190 http fetch GET 200 https://registry.npmjs.org/json-schema-traverse 1269ms (cache miss)
191 http fetch GET 200 https://registry.npmjs.org/fast-json-stable-stringify 1292ms (cache miss)
192 http fetch GET 200 https://registry.npmjs.org/path-key 1337ms (cache miss)
193 http fetch GET 200 https://registry.npmjs.org/prelude-ls 1315ms (cache miss)
194 http fetch GET 200 https://registry.npmjs.org/which 1346ms (cache miss)
195 http fetch GET 200 https://registry.npmjs.org/strip-json-comments 1369ms (cache miss)
196 http fetch GET 200 https://registry.npmjs.org/esrecurse 1357ms (cache miss)
197 http fetch GET 200 https://registry.npmjs.org/locate-path 1360ms (cache miss)
198 http fetch GET 200 https://registry.npmjs.org/deep-is 1350ms (cache miss)
199 http fetch GET 200 https://registry.npmjs.org/fast-levenshtein 1318ms (cache miss)
200 http fetch GET 200 https://registry.npmjs.org/ms 1396ms (cache miss)
201 http fetch GET 200 https://registry.npmjs.org/ansi-styles 1421ms (cache miss)
202 http fetch GET 200 https://registry.npmjs.org/@humanwhocodes%2fobject-schema 1438ms (cache miss)
203 http fetch GET 200 https://registry.npmjs.org/argparse 1411ms (cache miss)
204 http fetch GET 200 https://registry.npmjs.org/brace-expansion 1404ms (cache miss)
205 http fetch GET 200 https://registry.npmjs.org/@aashutoshrathi%2fword-wrap 1402ms (cache miss)
206 http fetch GET 200 https://registry.npmjs.org/supports-color 1446ms (cache miss)
207 http fetch GET 200 https://registry.npmjs.org/estraverse 1467ms (cache miss)
208 http fetch GET 200 https://registry.npmjs.org/acorn 1467ms (cache miss)
209 http fetch GET 200 https://registry.npmjs.org/ansi-regex 1434ms (cache miss)
210 http fetch GET 200 https://registry.npmjs.org/fastq 1511ms (cache miss)
211 http fetch GET 200 https://registry.npmjs.org/@nodelib%2ffs.scandir 1513ms (cache miss)
212 http fetch GET 200 https://registry.npmjs.org/acorn-jsx 1492ms (cache miss)
213 http fetch GET 200 https://registry.npmjs.org/flat-cache 1509ms (cache miss)
214 http fetch GET 200 https://registry.npmjs.org/type-fest 1511ms (cache miss)
215 timing idealTree:node_modules/eslint Completed in 1814ms
216 timing idealTree:node_modules/@eslint-community/eslint-utils Completed in 0ms
217 timing idealTree:node_modules/@eslint-community/regexpp Completed in 0ms
218 silly placeDep ROOT import-fresh@3.3.0 OK for: @eslint/eslintrc@2.1.4 want: ^3.2.1
219 silly placeDep ROOT strip-json-comments@3.1.1 OK for: @eslint/eslintrc@2.1.4 want: ^3.1.1
220 silly fetch manifest parent-module@^1.0.0
221 silly fetch manifest resolve-from@^4.0.0
222 http fetch GET 200 https://registry.npmjs.org/parent-module 135ms (cache miss)
223 http fetch GET 200 https://registry.npmjs.org/resolve-from 135ms (cache miss)
224 timing idealTree:node_modules/@eslint/eslintrc Completed in 199ms
225 timing idealTree:node_modules/@eslint/js Completed in 0ms
226 silly placeDep ROOT @humanwhocodes/object-schema@2.0.2 OK for: @humanwhocodes/config-array@0.11.14 want: ^2.0.2
227 timing idealTree:node_modules/@humanwhocodes/config-array Completed in 118ms
228 timing idealTree:node_modules/@humanwhocodes/module-importer Completed in 0ms
229 timing idealTree:node_modules/@humanwhocodes/object-schema Completed in 0ms
230 silly placeDep ROOT @nodelib/fs.scandir@2.1.5 OK for: @nodelib/fs.walk@1.2.8 want: 2.1.5
231 silly placeDep ROOT fastq@1.17.1 OK for: @nodelib/fs.walk@1.2.8 want: ^1.6.0
232 silly fetch manifest @nodelib/fs.stat@2.0.5
233 silly fetch manifest run-parallel@^1.1.9
234 silly fetch manifest reusify@^1.0.4
235 http fetch GET 200 https://registry.npmjs.org/run-parallel 144ms (cache miss)
236 http fetch GET 200 https://registry.npmjs.org/reusify 153ms (cache miss)
237 http fetch GET 200 https://registry.npmjs.org/@nodelib%2ffs.stat 173ms (cache miss)
238 timing idealTree:node_modules/@nodelib/fs.walk Completed in 195ms
239 silly placeDep ROOT @nodelib/fs.stat@2.0.5 OK for: @nodelib/fs.scandir@2.1.5 want: 2.0.5
240 silly placeDep ROOT run-parallel@1.2.0 OK for: @nodelib/fs.scandir@2.1.5 want: ^1.1.9
241 silly fetch manifest queue-microtask@^1.2.2
242 http fetch GET 200 https://registry.npmjs.org/queue-microtask 69ms (cache miss)
243 timing idealTree:node_modules/@nodelib/fs.scandir Completed in 119ms
244 timing idealTree:node_modules/@nodelib/fs.stat Completed in 0ms
245 timing idealTree:node_modules/@ungap/structured-clone Completed in 0ms
246 silly placeDep ROOT fast-json-stable-stringify@2.1.0 OK for: ajv@6.12.6 want: ^2.0.0
247 silly placeDep ROOT json-schema-traverse@0.4.1 OK for: ajv@6.12.6 want: ^0.4.1
248 silly placeDep ROOT uri-js@4.4.1 OK for: ajv@6.12.6 want: ^4.2.2
249 silly fetch manifest punycode@^2.1.0
250 http fetch GET 200 https://registry.npmjs.org/punycode 85ms (cache miss)
251 timing idealTree:node_modules/ajv Completed in 172ms
252 silly placeDep ROOT ansi-styles@4.3.0 OK for: chalk@4.1.2 want: ^4.1.0
253 silly placeDep ROOT supports-color@7.2.0 OK for: chalk@4.1.2 want: ^7.1.0
254 silly fetch manifest color-convert@^2.0.1
255 silly fetch manifest has-flag@^4.0.0
256 http fetch GET 200 https://registry.npmjs.org/color-convert 123ms (cache miss)
257 http fetch GET 200 https://registry.npmjs.org/has-flag 123ms (cache miss)
258 timing idealTree:node_modules/chalk Completed in 144ms
259 silly placeDep ROOT color-convert@2.0.1 OK for: ansi-styles@4.3.0 want: ^2.0.1
260 silly fetch manifest color-name@~1.1.4
261 http fetch GET 200 https://registry.npmjs.org/color-name 167ms (cache miss)
262 timing idealTree:node_modules/ansi-styles Completed in 200ms
263 silly placeDep ROOT color-name@1.1.4 OK for: color-convert@2.0.1 want: ~1.1.4
264 timing idealTree:node_modules/color-convert Completed in 36ms
265 timing idealTree:node_modules/color-name Completed in 0ms
266 silly placeDep ROOT path-key@3.1.1 OK for: cross-spawn@7.0.3 want: ^3.1.0
267 silly placeDep ROOT shebang-command@2.0.0 OK for: cross-spawn@7.0.3 want: ^2.0.0
268 silly placeDep ROOT which@2.0.2 OK for: cross-spawn@7.0.3 want: ^2.0.1
269 silly fetch manifest shebang-regex@^3.0.0
270 silly fetch manifest isexe@^2.0.0
271 http fetch GET 200 https://registry.npmjs.org/isexe 114ms (cache miss)
272 http fetch GET 200 https://registry.npmjs.org/shebang-regex 168ms (cache miss)
273 timing idealTree:node_modules/cross-spawn Completed in 246ms
274 silly placeDep ROOT ms@2.1.2 OK for: debug@4.3.4 want: 2.1.2
275 timing idealTree:node_modules/debug Completed in 2ms
276 timing idealTree:node_modules/doctrine Completed in 0ms
277 timing idealTree:node_modules/escape-string-regexp Completed in 0ms
278 silly placeDep ROOT esrecurse@4.3.0 OK for: eslint-scope@7.2.2 want: ^4.3.0
279 silly placeDep ROOT estraverse@5.3.0 OK for: eslint-scope@7.2.2 want: ^5.2.0
280 timing idealTree:node_modules/eslint-scope Completed in 35ms
281 timing idealTree:node_modules/eslint-visitor-keys Completed in 0ms
282 silly placeDep ROOT acorn@8.11.3 OK for: espree@9.6.1 want: ^8.9.0
283 silly placeDep ROOT acorn-jsx@5.3.2 OK for: espree@9.6.1 want: ^5.3.2
284 timing idealTree:node_modules/espree Completed in 16ms
285 timing idealTree:node_modules/acorn Completed in 0ms
286 timing idealTree:node_modules/acorn-jsx Completed in 0ms
287 timing idealTree:node_modules/esquery Completed in 0ms
288 timing idealTree:node_modules/esrecurse Completed in 0ms
289 timing idealTree:node_modules/estraverse Completed in 0ms
290 timing idealTree:node_modules/esutils Completed in 0ms
291 timing idealTree:node_modules/fast-deep-equal Completed in 0ms
292 timing idealTree:node_modules/fast-json-stable-stringify Completed in 0ms
293 silly placeDep ROOT reusify@1.0.4 OK for: fastq@1.17.1 want: ^1.0.4
294 timing idealTree:node_modules/fastq Completed in 4ms
295 silly placeDep ROOT flat-cache@3.2.0 OK for: file-entry-cache@6.0.1 want: ^3.0.4
296 silly fetch manifest flatted@^3.2.9
297 silly fetch manifest keyv@^4.5.3
298 silly fetch manifest rimraf@^3.0.2
299 http fetch GET 200 https://registry.npmjs.org/flatted 177ms (cache miss)
300 http fetch GET 200 https://registry.npmjs.org/keyv 175ms (cache miss)
301 http fetch GET 200 https://registry.npmjs.org/rimraf 185ms (cache miss)
302 timing idealTree:node_modules/file-entry-cache Completed in 222ms
303 silly placeDep ROOT locate-path@6.0.0 OK for: find-up@5.0.0 want: ^6.0.0
304 silly placeDep ROOT path-exists@4.0.0 OK for: find-up@5.0.0 want: ^4.0.0
305 silly fetch manifest p-locate@^5.0.0
306 http fetch GET 200 https://registry.npmjs.org/p-locate 65ms (cache miss)
307 timing idealTree:node_modules/find-up Completed in 92ms
308 silly placeDep ROOT flatted@3.3.1 OK for: flat-cache@3.2.0 want: ^3.2.9
309 silly placeDep ROOT keyv@4.5.4 OK for: flat-cache@3.2.0 want: ^4.5.3
310 silly placeDep ROOT rimraf@3.0.2 OK for: flat-cache@3.2.0 want: ^3.0.2
311 silly fetch manifest json-buffer@3.0.1
312 silly fetch manifest glob@^7.1.3
313 http fetch GET 200 https://registry.npmjs.org/json-buffer 195ms (cache miss)
314 http fetch GET 200 https://registry.npmjs.org/glob 195ms (cache miss)
315 timing idealTree:node_modules/flat-cache Completed in 226ms
316 timing idealTree:node_modules/flatted Completed in 0ms
317 timing idealTree:node_modules/glob-parent Completed in 0ms
318 silly placeDep ROOT type-fest@0.20.2 OK for: globals@13.24.0 want: ^0.20.2
319 timing idealTree:node_modules/globals Completed in 2ms
320 timing idealTree:node_modules/graphemer Completed in 0ms
321 timing idealTree:node_modules/ignore Completed in 1ms
322 silly placeDep ROOT parent-module@1.0.1 OK for: import-fresh@3.3.0 want: ^1.0.0
323 silly placeDep ROOT resolve-from@4.0.0 OK for: import-fresh@3.3.0 want: ^4.0.0
324 silly fetch manifest callsites@^3.0.0
325 http fetch GET 200 https://registry.npmjs.org/callsites 56ms (cache miss)
326 timing idealTree:node_modules/import-fresh Completed in 87ms
327 timing idealTree:node_modules/imurmurhash Completed in 0ms
328 silly placeDep ROOT is-extglob@2.1.1 OK for: is-glob@4.0.3 want: ^2.1.1
329 timing idealTree:node_modules/is-glob Completed in 5ms
330 timing idealTree:node_modules/is-extglob Completed in 0ms
331 timing idealTree:node_modules/is-path-inside Completed in 0ms
332 silly placeDep ROOT argparse@2.0.1 OK for: js-yaml@4.1.0 want: ^2.0.1
333 timing idealTree:node_modules/js-yaml Completed in 5ms
334 timing idealTree:node_modules/argparse Completed in 0ms
335 timing idealTree:node_modules/json-schema-traverse Completed in 0ms
336 timing idealTree:node_modules/json-stable-stringify-without-jsonify Completed in 0ms
337 silly placeDep ROOT json-buffer@3.0.1 OK for: keyv@4.5.4 want: 3.0.1
338 timing idealTree:node_modules/keyv Completed in 5ms
339 timing idealTree:node_modules/json-buffer Completed in 0ms
340 silly placeDep ROOT prelude-ls@1.2.1 OK for: levn@0.4.1 want: ^1.2.1
341 silly placeDep ROOT type-check@0.4.0 OK for: levn@0.4.1 want: ~0.4.0
342 timing idealTree:node_modules/levn Completed in 8ms
343 silly placeDep ROOT p-locate@5.0.0 OK for: locate-path@6.0.0 want: ^5.0.0
344 silly fetch manifest p-limit@^3.0.2
345 http fetch GET 200 https://registry.npmjs.org/p-limit 108ms (cache miss)
346 timing idealTree:node_modules/locate-path Completed in 120ms
347 timing idealTree:node_modules/lodash.merge Completed in 0ms
348 silly placeDep ROOT brace-expansion@1.1.11 OK for: minimatch@3.1.2 want: ^1.1.7
349 silly fetch manifest balanced-match@^1.0.0
350 silly fetch manifest concat-map@0.0.1
351 http fetch GET 200 https://registry.npmjs.org/balanced-match 147ms (cache miss)
352 http fetch GET 200 https://registry.npmjs.org/concat-map 153ms (cache miss)
353 timing idealTree:node_modules/minimatch Completed in 203ms
354 silly placeDep ROOT balanced-match@1.0.2 OK for: brace-expansion@1.1.11 want: ^1.0.0
355 silly placeDep ROOT concat-map@0.0.1 OK for: brace-expansion@1.1.11 want: 0.0.1
356 timing idealTree:node_modules/brace-expansion Completed in 15ms
357 timing idealTree:node_modules/balanced-match Completed in 0ms
358 timing idealTree:node_modules/concat-map Completed in 0ms
359 timing idealTree:node_modules/ms Completed in 0ms
360 timing idealTree:node_modules/natural-compare Completed in 0ms
361 silly placeDep ROOT @aashutoshrathi/word-wrap@1.2.6 OK for: optionator@0.9.3 want: ^1.2.3
362 silly placeDep ROOT deep-is@0.1.4 OK for: optionator@0.9.3 want: ^0.1.3
363 silly placeDep ROOT fast-levenshtein@2.0.6 OK for: optionator@0.9.3 want: ^2.0.6
364 timing idealTree:node_modules/optionator Completed in 46ms
365 timing idealTree:node_modules/@aashutoshrathi/word-wrap Completed in 0ms
366 timing idealTree:node_modules/deep-is Completed in 0ms
367 timing idealTree:node_modules/fast-levenshtein Completed in 0ms
368 silly placeDep ROOT p-limit@3.1.0 OK for: p-locate@5.0.0 want: ^3.0.2
369 silly fetch manifest yocto-queue@^0.1.0
370 http fetch GET 200 https://registry.npmjs.org/yocto-queue 122ms (cache miss)
371 timing idealTree:node_modules/p-locate Completed in 146ms
372 silly placeDep ROOT yocto-queue@0.1.0 OK for: p-limit@3.1.0 want: ^0.1.0
373 timing idealTree:node_modules/p-limit Completed in 50ms
374 silly placeDep ROOT callsites@3.1.0 OK for: parent-module@1.0.1 want: ^3.0.0
375 timing idealTree:node_modules/parent-module Completed in 2ms
376 timing idealTree:node_modules/callsites Completed in 0ms
377 timing idealTree:node_modules/path-exists Completed in 0ms
378 timing idealTree:node_modules/path-key Completed in 0ms
379 timing idealTree:node_modules/prelude-ls Completed in 0ms
380 timing idealTree:node_modules/resolve-from Completed in 0ms
381 timing idealTree:node_modules/reusify Completed in 0ms
382 silly placeDep ROOT glob@7.2.3 OK for: rimraf@3.0.2 want: ^7.1.3
383 silly fetch manifest fs.realpath@^1.0.0
384 silly fetch manifest inflight@^1.0.4
385 silly fetch manifest inherits@2
386 silly fetch manifest once@^1.3.0
387 silly fetch manifest path-is-absolute@^1.0.0
388 http fetch GET 200 https://registry.npmjs.org/inherits 286ms (cache miss)
389 http fetch GET 200 https://registry.npmjs.org/once 293ms (cache miss)
390 http fetch GET 200 https://registry.npmjs.org/fs.realpath 297ms (cache miss)
391 http fetch GET 200 https://registry.npmjs.org/inflight 299ms (cache miss)
392 http fetch GET 200 https://registry.npmjs.org/path-is-absolute 297ms (cache miss)
393 timing idealTree:node_modules/rimraf Completed in 304ms
394 silly placeDep ROOT fs.realpath@1.0.0 OK for: glob@7.2.3 want: ^1.0.0
395 silly placeDep ROOT inflight@1.0.6 OK for: glob@7.2.3 want: ^1.0.4
396 silly placeDep ROOT inherits@2.0.4 OK for: glob@7.2.3 want: 2
397 silly placeDep ROOT once@1.4.0 OK for: glob@7.2.3 want: ^1.3.0
398 silly placeDep ROOT path-is-absolute@1.0.1 OK for: glob@7.2.3 want: ^1.0.0
399 silly fetch manifest wrappy@1
400 http fetch GET 200 https://registry.npmjs.org/wrappy 60ms (cache miss)
401 timing idealTree:node_modules/glob Completed in 83ms
402 timing idealTree:node_modules/fs.realpath Completed in 0ms
403 silly placeDep ROOT wrappy@1.0.2 OK for: inflight@1.0.6 want: 1
404 timing idealTree:node_modules/inflight Completed in 7ms
405 timing idealTree:node_modules/inherits Completed in 0ms
406 timing idealTree:node_modules/once Completed in 0ms
407 timing idealTree:node_modules/path-is-absolute Completed in 0ms
408 silly placeDep ROOT queue-microtask@1.2.3 OK for: run-parallel@1.2.0 want: ^1.2.2
409 timing idealTree:node_modules/run-parallel Completed in 7ms
410 timing idealTree:node_modules/queue-microtask Completed in 0ms
411 silly placeDep ROOT shebang-regex@3.0.0 OK for: shebang-command@2.0.0 want: ^3.0.0
412 timing idealTree:node_modules/shebang-command Completed in 5ms
413 timing idealTree:node_modules/shebang-regex Completed in 0ms
414 silly placeDep ROOT ansi-regex@5.0.1 OK for: strip-ansi@6.0.1 want: ^5.0.1
415 timing idealTree:node_modules/strip-ansi Completed in 5ms
416 timing idealTree:node_modules/ansi-regex Completed in 0ms
417 timing idealTree:node_modules/strip-json-comments Completed in 0ms
418 silly placeDep ROOT has-flag@4.0.0 OK for: supports-color@7.2.0 want: ^4.0.0
419 timing idealTree:node_modules/supports-color Completed in 2ms
420 timing idealTree:node_modules/has-flag Completed in 0ms
421 timing idealTree:node_modules/text-table Completed in 0ms
422 timing idealTree:node_modules/type-check Completed in 0ms
423 timing idealTree:node_modules/type-fest Completed in 0ms
424 silly placeDep ROOT punycode@2.3.1 OK for: uri-js@4.4.1 want: ^2.1.0
425 timing idealTree:node_modules/uri-js Completed in 8ms
426 timing idealTree:node_modules/punycode Completed in 0ms
427 silly placeDep ROOT isexe@2.0.0 OK for: which@2.0.2 want: ^2.0.0
428 timing idealTree:node_modules/which Completed in 5ms
429 timing idealTree:node_modules/isexe Completed in 0ms
430 timing idealTree:node_modules/wrappy Completed in 0ms
431 timing idealTree:node_modules/yocto-queue Completed in 0ms
432 timing idealTree:buildDeps Completed in 8200ms
433 timing idealTree:fixDepFlags Completed in 1ms
434 timing idealTree Completed in 8278ms
435 timing reify:loadTrees Completed in 8285ms
436 timing reify:diffTrees Completed in 22ms
437 silly reify moves {}
438 timing reify:retireShallow Completed in 5ms
439 timing reify:createSparse Completed in 126ms
440 timing reify:loadBundles Completed in 0ms
441 silly audit bulk request {
441 silly audit   eslint: [ '8.57.0' ],
441 silly audit   '@eslint-community/eslint-utils': [ '4.4.0' ],
441 silly audit   '@eslint-community/regexpp': [ '4.10.0' ],
441 silly audit   '@eslint/eslintrc': [ '2.1.4' ],
441 silly audit   '@eslint/js': [ '8.57.0' ],
441 silly audit   '@humanwhocodes/config-array': [ '0.11.14' ],
441 silly audit   '@humanwhocodes/module-importer': [ '1.0.1' ],
441 silly audit   '@nodelib/fs.walk': [ '1.2.8' ],
441 silly audit   '@ungap/structured-clone': [ '1.2.0' ],
441 silly audit   ajv: [ '6.12.6' ],
441 silly audit   chalk: [ '4.1.2' ],
441 silly audit   'cross-spawn': [ '7.0.3' ],
441 silly audit   debug: [ '4.3.4' ],
441 silly audit   doctrine: [ '3.0.0' ],
441 silly audit   'escape-string-regexp': [ '4.0.0' ],
441 silly audit   'eslint-scope': [ '7.2.2' ],
441 silly audit   'eslint-visitor-keys': [ '3.4.3' ],
441 silly audit   espree: [ '9.6.1' ],
441 silly audit   esquery: [ '1.5.0' ],
441 silly audit   esutils: [ '2.0.3' ],
441 silly audit   'fast-deep-equal': [ '3.1.3' ],
441 silly audit   'file-entry-cache': [ '6.0.1' ],
441 silly audit   'find-up': [ '5.0.0' ],
441 silly audit   'glob-parent': [ '6.0.2' ],
441 silly audit   globals: [ '13.24.0' ],
441 silly audit   graphemer: [ '1.4.0' ],
441 silly audit   ignore: [ '5.3.1' ],
441 silly audit   imurmurhash: [ '0.1.4' ],
441 silly audit   'is-glob': [ '4.0.3' ],
441 silly audit   'is-path-inside': [ '3.0.3' ],
441 silly audit   'js-yaml': [ '4.1.0' ],
441 silly audit   'json-stable-stringify-without-jsonify': [ '1.0.1' ],
441 silly audit   levn: [ '0.4.1' ],
441 silly audit   'lodash.merge': [ '4.6.2' ],
441 silly audit   minimatch: [ '3.1.2' ],
441 silly audit   'natural-compare': [ '1.4.0' ],
441 silly audit   optionator: [ '0.9.3' ],
441 silly audit   'strip-ansi': [ '6.0.1' ],
441 silly audit   'text-table': [ '0.2.0' ],
441 silly audit   'import-fresh': [ '3.3.0' ],
441 silly audit   'strip-json-comments': [ '3.1.1' ],
441 silly audit   '@humanwhocodes/object-schema': [ '2.0.2' ],
441 silly audit   '@nodelib/fs.scandir': [ '2.1.5' ],
441 silly audit   fastq: [ '1.17.1' ],
441 silly audit   '@nodelib/fs.stat': [ '2.0.5' ],
441 silly audit   'run-parallel': [ '1.2.0' ],
441 silly audit   'fast-json-stable-stringify': [ '2.1.0' ],
441 silly audit   'json-schema-traverse': [ '0.4.1' ],
441 silly audit   'uri-js': [ '4.4.1' ],
441 silly audit   'ansi-styles': [ '4.3.0' ],
441 silly audit   'supports-color': [ '7.2.0' ],
441 silly audit   'color-convert': [ '2.0.1' ],
441 silly audit   'color-name': [ '1.1.4' ],
441 silly audit   'path-key': [ '3.1.1' ],
441 silly audit   'shebang-command': [ '2.0.0' ],
441 silly audit   which: [ '2.0.2' ],
441 silly audit   ms: [ '2.1.2' ],
441 silly audit   esrecurse: [ '4.3.0' ],
441 silly audit   estraverse: [ '5.3.0' ],
441 silly audit   acorn: [ '8.11.3' ],
441 silly audit   'acorn-jsx': [ '5.3.2' ],
441 silly audit   reusify: [ '1.0.4' ],
441 silly audit   'flat-cache': [ '3.2.0' ],
441 silly audit   'locate-path': [ '6.0.0' ],
441 silly audit   'path-exists': [ '4.0.0' ],
441 silly audit   flatted: [ '3.3.1' ],
441 silly audit   keyv: [ '4.5.4' ],
441 silly audit   rimraf: [ '3.0.2' ],
441 silly audit   'type-fest': [ '0.20.2' ],
441 silly audit   'parent-module': [ '1.0.1' ],
441 silly audit   'resolve-from': [ '4.0.0' ],
441 silly audit   'is-extglob': [ '2.1.1' ],
441 silly audit   argparse: [ '2.0.1' ],
441 silly audit   'json-buffer': [ '3.0.1' ],
441 silly audit   'prelude-ls': [ '1.2.1' ],
441 silly audit   'type-check': [ '0.4.0' ],
441 silly audit   'p-locate': [ '5.0.0' ],
441 silly audit   'brace-expansion': [ '1.1.11' ],
441 silly audit   'balanced-match': [ '1.0.2' ],
441 silly audit   'concat-map': [ '0.0.1' ],
441 silly audit   '@aashutoshrathi/word-wrap': [ '1.2.6' ],
441 silly audit   'deep-is': [ '0.1.4' ],
441 silly audit   'fast-levenshtein': [ '2.0.6' ],
441 silly audit   'p-limit': [ '3.1.0' ],
441 silly audit   'yocto-queue': [ '0.1.0' ],
441 silly audit   callsites: [ '3.1.0' ],
441 silly audit   glob: [ '7.2.3' ],
441 silly audit   'fs.realpath': [ '1.0.0' ],
441 silly audit   inflight: [ '1.0.6' ],
441 silly audit   inherits: [ '2.0.4' ],
441 silly audit   once: [ '1.4.0' ],
441 silly audit   'path-is-absolute': [ '1.0.1' ],
441 silly audit   wrappy: [ '1.0.2' ],
441 silly audit   'queue-microtask': [ '1.2.3' ],
441 silly audit   'shebang-regex': [ '3.0.0' ],
441 silly audit   'ansi-regex': [ '5.0.1' ],
441 silly audit   'has-flag': [ '4.0.0' ],
441 silly audit   punycode: [ '2.3.1' ],
441 silly audit   isexe: [ '2.0.0' ]
441 silly audit }
442 silly tarball no local data for isexe@https://registry.npmjs.org/isexe/-/isexe-2.0.0.tgz. Extracting by manifest.
443 silly tarball no local data for punycode@https://registry.npmjs.org/punycode/-/punycode-2.3.1.tgz. Extracting by manifest.
444 silly tarball no local data for has-flag@https://registry.npmjs.org/has-flag/-/has-flag-4.0.0.tgz. Extracting by manifest.
445 silly tarball no local data for ansi-regex@https://registry.npmjs.org/ansi-regex/-/ansi-regex-5.0.1.tgz. Extracting by manifest.
446 silly tarball no local data for shebang-regex@https://registry.npmjs.org/shebang-regex/-/shebang-regex-3.0.0.tgz. Extracting by manifest.
447 silly tarball no local data for queue-microtask@https://registry.npmjs.org/queue-microtask/-/queue-microtask-1.2.3.tgz. Extracting by manifest.
448 silly tarball no local data for wrappy@https://registry.npmjs.org/wrappy/-/wrappy-1.0.2.tgz. Extracting by manifest.
449 silly tarball no local data for path-is-absolute@https://registry.npmjs.org/path-is-absolute/-/path-is-absolute-1.0.1.tgz. Extracting by manifest.
450 silly tarball no local data for once@https://registry.npmjs.org/once/-/once-1.4.0.tgz. Extracting by manifest.
451 silly tarball no local data for inherits@https://registry.npmjs.org/inherits/-/inherits-2.0.4.tgz. Extracting by manifest.
452 silly tarball no local data for inflight@https://registry.npmjs.org/inflight/-/inflight-1.0.6.tgz. Extracting by manifest.
453 silly tarball no local data for fs.realpath@https://registry.npmjs.org/fs.realpath/-/fs.realpath-1.0.0.tgz. Extracting by manifest.
454 silly tarball no local data for glob@https://registry.npmjs.org/glob/-/glob-7.2.3.tgz. Extracting by manifest.
455 silly tarball no local data for callsites@https://registry.npmjs.org/callsites/-/callsites-3.1.0.tgz. Extracting by manifest.
456 silly tarball no local data for yocto-queue@https://registry.npmjs.org/yocto-queue/-/yocto-queue-0.1.0.tgz. Extracting by manifest.
457 silly tarball no local data for p-limit@https://registry.npmjs.org/p-limit/-/p-limit-3.1.0.tgz. Extracting by manifest.
458 silly tarball no local data for fast-levenshtein@https://registry.npmjs.org/fast-levenshtein/-/fast-levenshtein-2.0.6.tgz. Extracting by manifest.
459 silly tarball no local data for deep-is@https://registry.npmjs.org/deep-is/-/deep-is-0.1.4.tgz. Extracting by manifest.
460 silly tarball no local data for @aashutoshrathi/word-wrap@https://registry.npmjs.org/@aashutoshrathi/word-wrap/-/word-wrap-1.2.6.tgz. Extracting by manifest.
461 silly tarball no local data for concat-map@https://registry.npmjs.org/concat-map/-/concat-map-0.0.1.tgz. Extracting by manifest.
462 silly tarball no local data for balanced-match@https://registry.npmjs.org/balanced-match/-/balanced-match-1.0.2.tgz. Extracting by manifest.
463 silly tarball no local data for brace-expansion@https://registry.npmjs.org/brace-expansion/-/brace-expansion-1.1.11.tgz. Extracting by manifest.
464 silly tarball no local data for p-locate@https://registry.npmjs.org/p-locate/-/p-locate-5.0.0.tgz. Extracting by manifest.
465 silly tarball no local data for type-check@https://registry.npmjs.org/type-check/-/type-check-0.4.0.tgz. Extracting by manifest.
466 silly tarball no local data for prelude-ls@https://registry.npmjs.org/prelude-ls/-/prelude-ls-1.2.1.tgz. Extracting by manifest.
467 silly tarball no local data for json-buffer@https://registry.npmjs.org/json-buffer/-/json-buffer-3.0.1.tgz. Extracting by manifest.
468 silly tarball no local data for argparse@https://registry.npmjs.org/argparse/-/argparse-2.0.1.tgz. Extracting by manifest.
469 silly tarball no local data for is-extglob@https://registry.npmjs.org/is-extglob/-/is-extglob-2.1.1.tgz. Extracting by manifest.
470 silly tarball no local data for resolve-from@https://registry.npmjs.org/resolve-from/-/resolve-from-4.0.0.tgz. Extracting by manifest.
471 silly tarball no local data for parent-module@https://registry.npmjs.org/parent-module/-/parent-module-1.0.1.tgz. Extracting by manifest.
472 silly tarball no local data for type-fest@https://registry.npmjs.org/type-fest/-/type-fest-0.20.2.tgz. Extracting by manifest.
473 silly tarball no local data for rimraf@https://registry.npmjs.org/rimraf/-/rimraf-3.0.2.tgz. Extracting by manifest.
474 silly tarball no local data for keyv@https://registry.npmjs.org/keyv/-/keyv-4.5.4.tgz. Extracting by manifest.
475 silly tarball no local data for flatted@https://registry.npmjs.org/flatted/-/flatted-3.3.1.tgz. Extracting by manifest.
476 silly tarball no local data for path-exists@https://registry.npmjs.org/path-exists/-/path-exists-4.0.0.tgz. Extracting by manifest.
477 silly tarball no local data for locate-path@https://registry.npmjs.org/locate-path/-/locate-path-6.0.0.tgz. Extracting by manifest.
478 silly tarball no local data for flat-cache@https://registry.npmjs.org/flat-cache/-/flat-cache-3.2.0.tgz. Extracting by manifest.
479 silly tarball no local data for reusify@https://registry.npmjs.org/reusify/-/reusify-1.0.4.tgz. Extracting by manifest.
480 silly tarball no local data for acorn-jsx@https://registry.npmjs.org/acorn-jsx/-/acorn-jsx-5.3.2.tgz. Extracting by manifest.
481 silly tarball no local data for acorn@https://registry.npmjs.org/acorn/-/acorn-8.11.3.tgz. Extracting by manifest.
482 silly tarball no local data for estraverse@https://registry.npmjs.org/estraverse/-/estraverse-5.3.0.tgz. Extracting by manifest.
483 silly tarball no local data for esrecurse@https://registry.npmjs.org/esrecurse/-/esrecurse-4.3.0.tgz. Extracting by manifest.
484 silly tarball no local data for ms@https://registry.npmjs.org/ms/-/ms-2.1.2.tgz. Extracting by manifest.
485 silly tarball no local data for which@https://registry.npmjs.org/which/-/which-2.0.2.tgz. Extracting by manifest.
486 silly tarball no local data for shebang-command@https://registry.npmjs.org/shebang-command/-/shebang-command-2.0.0.tgz. Extracting by manifest.
487 silly tarball no local data for path-key@https://registry.npmjs.org/path-key/-/path-key-3.1.1.tgz. Extracting by manifest.
488 silly tarball no local data for color-name@https://registry.npmjs.org/color-name/-/color-name-1.1.4.tgz. Extracting by manifest.
489 silly tarball no local data for color-convert@https://registry.npmjs.org/color-convert/-/color-convert-2.0.1.tgz. Extracting by manifest.
490 silly tarball no local data for supports-color@https://registry.npmjs.org/supports-color/-/supports-color-7.2.0.tgz. Extracting by manifest.
491 silly tarball no local data for ansi-styles@https://registry.npmjs.org/ansi-styles/-/ansi-styles-4.3.0.tgz. Extracting by manifest.
492 silly tarball no local data for uri-js@https://registry.npmjs.org/uri-js/-/uri-js-4.4.1.tgz. Extracting by manifest.
493 silly tarball no local data for json-schema-traverse@https://registry.npmjs.org/json-schema-traverse/-/json-schema-traverse-0.4.1.tgz. Extracting by manifest.
494 silly tarball no local data for fast-json-stable-stringify@https://registry.npmjs.org/fast-json-stable-stringify/-/fast-json-stable-stringify-2.1.0.tgz. Extracting by manifest.
495 silly tarball no local data for run-parallel@https://registry.npmjs.org/run-parallel/-/run-parallel-1.2.0.tgz. Extracting by manifest.
496 silly tarball no local data for @nodelib/fs.stat@https://registry.npmjs.org/@nodelib/fs.stat/-/fs.stat-2.0.5.tgz. Extracting by manifest.
497 silly tarball no local data for fastq@https://registry.npmjs.org/fastq/-/fastq-1.17.1.tgz. Extracting by manifest.
498 silly tarball no local data for @nodelib/fs.scandir@https://registry.npmjs.org/@nodelib/fs.scandir/-/fs.scandir-2.1.5.tgz. Extracting by manifest.
499 silly tarball no local data for @humanwhocodes/object-schema@https://registry.npmjs.org/@humanwhocodes/object-schema/-/object-schema-2.0.2.tgz. Extracting by manifest.
500 silly tarball no local data for strip-json-comments@https://registry.npmjs.org/strip-json-comments/-/strip-json-comments-3.1.1.tgz. Extracting by manifest.
501 silly tarball no local data for import-fresh@https://registry.npmjs.org/import-fresh/-/import-fresh-3.3.0.tgz. Extracting by manifest.
502 silly tarball no local data for text-table@https://registry.npmjs.org/text-table/-/text-table-0.2.0.tgz. Extracting by manifest.
503 silly tarball no local data for strip-ansi@https://registry.npmjs.org/strip-ansi/-/strip-ansi-6.0.1.tgz. Extracting by manifest.
504 silly tarball no local data for optionator@https://registry.npmjs.org/optionator/-/optionator-0.9.3.tgz. Extracting by manifest.
505 silly tarball no local data for natural-compare@https://registry.npmjs.org/natural-compare/-/natural-compare-1.4.0.tgz. Extracting by manifest.
506 silly tarball no local data for minimatch@https://registry.npmjs.org/minimatch/-/minimatch-3.1.2.tgz. Extracting by manifest.
507 silly tarball no local data for lodash.merge@https://registry.npmjs.org/lodash.merge/-/lodash.merge-4.6.2.tgz. Extracting by manifest.
508 silly tarball no local data for levn@https://registry.npmjs.org/levn/-/levn-0.4.1.tgz. Extracting by manifest.
509 silly tarball no local data for json-stable-stringify-without-jsonify@https://registry.npmjs.org/json-stable-stringify-without-jsonify/-/json-stable-stringify-without-jsonify-1.0.1.tgz. Extracting by manifest.
510 silly tarball no local data for js-yaml@https://registry.npmjs.org/js-yaml/-/js-yaml-4.1.0.tgz. Extracting by manifest.
511 silly tarball no local data for is-path-inside@https://registry.npmjs.org/is-path-inside/-/is-path-inside-3.0.3.tgz. Extracting by manifest.
512 silly tarball no local data for is-glob@https://registry.npmjs.org/is-glob/-/is-glob-4.0.3.tgz. Extracting by manifest.
513 silly tarball no local data for imurmurhash@https://registry.npmjs.org/imurmurhash/-/imurmurhash-0.1.4.tgz. Extracting by manifest.
514 silly tarball no local data for ignore@https://registry.npmjs.org/ignore/-/ignore-5.3.1.tgz. Extracting by manifest.
515 silly tarball no local data for graphemer@https://registry.npmjs.org/graphemer/-/graphemer-1.4.0.tgz. Extracting by manifest.
516 silly tarball no local data for globals@https://registry.npmjs.org/globals/-/globals-13.24.0.tgz. Extracting by manifest.
517 silly tarball no local data for glob-parent@https://registry.npmjs.org/glob-parent/-/glob-parent-6.0.2.tgz. Extracting by manifest.
518 silly tarball no local data for find-up@https://registry.npmjs.org/find-up/-/find-up-5.0.0.tgz. Extracting by manifest.
519 silly tarball no local data for file-entry-cache@https://registry.npmjs.org/file-entry-cache/-/file-entry-cache-6.0.1.tgz. Extracting by manifest.
520 silly tarball no local data for fast-deep-equal@https://registry.npmjs.org/fast-deep-equal/-/fast-deep-equal-3.1.3.tgz. Extracting by manifest.
521 silly tarball no local data for esutils@https://registry.npmjs.org/esutils/-/esutils-2.0.3.tgz. Extracting by manifest.
522 silly tarball no local data for esquery@https://registry.npmjs.org/esquery/-/esquery-1.5.0.tgz. Extracting by manifest.
523 silly tarball no local data for espree@https://registry.npmjs.org/espree/-/espree-9.6.1.tgz. Extracting by manifest.
524 silly tarball no local data for eslint-visitor-keys@https://registry.npmjs.org/eslint-visitor-keys/-/eslint-visitor-keys-3.4.3.tgz. Extracting by manifest.
525 silly tarball no local data for eslint-scope@https://registry.npmjs.org/eslint-scope/-/eslint-scope-7.2.2.tgz. Extracting by manifest.
526 silly tarball no local data for escape-string-regexp@https://registry.npmjs.org/escape-string-regexp/-/escape-string-regexp-4.0.0.tgz. Extracting by manifest.
527 silly tarball no local data for doctrine@https://registry.npmjs.org/doctrine/-/doctrine-3.0.0.tgz. Extracting by manifest.
528 silly tarball no local data for debug@https://registry.npmjs.org/debug/-/debug-4.3.4.tgz. Extracting by manifest.
529 silly tarball no local data for cross-spawn@https://registry.npmjs.org/cross-spawn/-/cross-spawn-7.0.3.tgz. Extracting by manifest.
530 silly tarball no local data for chalk@https://registry.npmjs.org/chalk/-/chalk-4.1.2.tgz. Extracting by manifest.
531 silly tarball no local data for ajv@https://registry.npmjs.org/ajv/-/ajv-6.12.6.tgz. Extracting by manifest.
532 silly tarball no local data for @ungap/structured-clone@https://registry.npmjs.org/@ungap/structured-clone/-/structured-clone-1.2.0.tgz. Extracting by manifest.
533 silly tarball no local data for @nodelib/fs.walk@https://registry.npmjs.org/@nodelib/fs.walk/-/fs.walk-1.2.8.tgz. Extracting by manifest.
534 silly tarball no local data for @humanwhocodes/module-importer@https://registry.npmjs.org/@humanwhocodes/module-importer/-/module-importer-1.0.1.tgz. Extracting by manifest.
535 silly tarball no local data for @humanwhocodes/config-array@https://registry.npmjs.org/@humanwhocodes/config-array/-/config-array-0.11.14.tgz. Extracting by manifest.
536 silly tarball no local data for @eslint/js@https://registry.npmjs.org/@eslint/js/-/js-8.57.0.tgz. Extracting by manifest.
537 silly tarball no local data for @eslint/eslintrc@https://registry.npmjs.org/@eslint/eslintrc/-/eslintrc-2.1.4.tgz. Extracting by manifest.
538 silly tarball no local data for @eslint-community/regexpp@https://registry.npmjs.org/@eslint-community/regexpp/-/regexpp-4.10.0.tgz. Extracting by manifest.
539 silly tarball no local data for @eslint-community/eslint-utils@https://registry.npmjs.org/@eslint-community/eslint-utils/-/eslint-utils-4.4.0.tgz. Extracting by manifest.
540 silly tarball no local data for eslint@https://registry.npmjs.org/eslint/-/eslint-8.57.0.tgz. Extracting by manifest.
541 http fetch POST 200 https://registry.npmjs.org/-/npm/v1/security/advisories/bulk 4969ms
542 timing auditReport:getReport Completed in 4986ms
543 silly audit report {}
544 timing auditReport:init Completed in 0ms
545 timing reify:audit Completed in 5003ms
546 http fetch GET 200 https://registry.npmjs.org/p-limit/-/p-limit-3.1.0.tgz 4881ms (cache miss)
547 timing reifyNode:node_modules/p-limit Completed in 5785ms
548 http fetch GET 200 https://registry.npmjs.org/deep-is/-/deep-is-0.1.4.tgz 4715ms (cache miss)
549 timing reifyNode:node_modules/deep-is Completed in 5802ms
550 http fetch GET 200 https://registry.npmjs.org/path-exists/-/path-exists-4.0.0.tgz 4077ms (cache miss)
551 timing reifyNode:node_modules/path-exists Completed in 5813ms
552 http fetch GET 200 https://registry.npmjs.org/is-extglob/-/is-extglob-2.1.1.tgz 4226ms (cache miss)
553 timing reifyNode:node_modules/is-extglob Completed in 5836ms
554 http fetch GET 200 https://registry.npmjs.org/isexe/-/isexe-2.0.0.tgz 5540ms (cache miss)
555 timing reifyNode:node_modules/isexe Completed in 5883ms
556 http fetch GET 200 https://registry.npmjs.org/ansi-regex/-/ansi-regex-5.0.1.tgz 5452ms (cache miss)
557 timing reifyNode:node_modules/ansi-regex Completed in 5896ms
558 http fetch GET 200 https://registry.npmjs.org/inflight/-/inflight-1.0.6.tgz 5295ms (cache miss)
559 timing reifyNode:node_modules/inflight Completed in 5926ms
560 http fetch GET 200 https://registry.npmjs.org/callsites/-/callsites-3.1.0.tgz 5080ms (cache miss)
561 timing reifyNode:node_modules/callsites Completed in 5938ms
562 http fetch GET 200 https://registry.npmjs.org/path-key/-/path-key-3.1.1.tgz 3937ms (cache miss)
563 timing reifyNode:node_modules/path-key Completed in 5922ms
564 http fetch GET 200 https://registry.npmjs.org/yocto-queue/-/yocto-queue-0.1.0.tgz 5106ms (cache miss)
565 timing reifyNode:node_modules/yocto-queue Completed in 5986ms
566 http fetch GET 200 https://registry.npmjs.org/fastq/-/fastq-1.17.1.tgz 3590ms (cache miss)
567 http fetch GET 200 https://registry.npmjs.org/text-table/-/text-table-0.2.0.tgz 3456ms (cache miss)
568 http fetch GET 200 https://registry.npmjs.org/strip-ansi/-/strip-ansi-6.0.1.tgz 3450ms (cache miss)
569 timing reifyNode:node_modules/strip-ansi Completed in 5996ms
570 http fetch GET 200 https://registry.npmjs.org/balanced-match/-/balanced-match-1.0.2.tgz 4872ms (cache miss)
571 timing reifyNode:node_modules/balanced-match Completed in 6050ms
572 http fetch GET 200 https://registry.npmjs.org/parent-module/-/parent-module-1.0.1.tgz 4416ms (cache miss)
573 timing reifyNode:node_modules/parent-module Completed in 6062ms
574 http fetch GET 200 https://registry.npmjs.org/rimraf/-/rimraf-3.0.2.tgz 4351ms (cache miss)
575 timing reifyNode:node_modules/rimraf Completed in 6066ms
576 http fetch GET 200 https://registry.npmjs.org/locate-path/-/locate-path-6.0.0.tgz 4299ms (cache miss)
577 timing reifyNode:node_modules/locate-path Completed in 6055ms
578 http fetch GET 200 https://registry.npmjs.org/resolve-from/-/resolve-from-4.0.0.tgz 4443ms (cache miss)
579 timing reifyNode:node_modules/resolve-from Completed in 6076ms
580 http fetch GET 200 https://registry.npmjs.org/punycode/-/punycode-2.3.1.tgz 5842ms (cache miss)
581 timing reifyNode:node_modules/punycode Completed in 6208ms
582 http fetch GET 200 https://registry.npmjs.org/has-flag/-/has-flag-4.0.0.tgz 5877ms (cache miss)
583 timing reifyNode:node_modules/has-flag Completed in 6272ms
584 http fetch GET 200 https://registry.npmjs.org/shebang-regex/-/shebang-regex-3.0.0.tgz 5815ms (cache miss)
585 timing reifyNode:node_modules/shebang-regex Completed in 6283ms
586 http fetch GET 200 https://registry.npmjs.org/queue-microtask/-/queue-microtask-1.2.3.tgz 5790ms (cache miss)
587 timing reifyNode:node_modules/queue-microtask Completed in 6293ms
588 http fetch GET 200 https://registry.npmjs.org/path-is-absolute/-/path-is-absolute-1.0.1.tgz 5745ms (cache miss)
589 timing reifyNode:node_modules/path-is-absolute Completed in 6304ms
590 http fetch GET 200 https://registry.npmjs.org/once/-/once-1.4.0.tgz 5705ms (cache miss)
591 timing reifyNode:node_modules/once Completed in 6309ms
592 http fetch GET 200 https://registry.npmjs.org/inherits/-/inherits-2.0.4.tgz 5702ms (cache miss)
593 timing reifyNode:node_modules/inherits Completed in 6328ms
594 http fetch GET 200 https://registry.npmjs.org/ms/-/ms-2.1.2.tgz 4444ms (cache miss)
595 timing reifyNode:node_modules/ms Completed in 6343ms
596 http fetch GET 200 https://registry.npmjs.org/supports-color/-/supports-color-7.2.0.tgz 4177ms (cache miss)
597 timing reifyNode:node_modules/supports-color Completed in 6359ms
598 http fetch GET 200 https://registry.npmjs.org/fast-deep-equal/-/fast-deep-equal-3.1.3.tgz 3378ms (cache miss)
599 http fetch GET 200 https://registry.npmjs.org/fast-levenshtein/-/fast-levenshtein-2.0.6.tgz 5525ms (cache miss)
600 timing reifyNode:node_modules/fast-levenshtein Completed in 6444ms
601 http fetch GET 200 https://registry.npmjs.org/concat-map/-/concat-map-0.0.1.tgz 5298ms (cache miss)
602 timing reifyNode:node_modules/concat-map Completed in 6449ms
603 http fetch GET 200 https://registry.npmjs.org/p-locate/-/p-locate-5.0.0.tgz 4884ms (cache miss)
604 timing reifyNode:node_modules/p-locate Completed in 6454ms
605 http fetch GET 200 https://registry.npmjs.org/json-buffer/-/json-buffer-3.0.1.tgz 4856ms (cache miss)
606 timing reifyNode:node_modules/json-buffer Completed in 6458ms
607 http fetch GET 200 https://registry.npmjs.org/shebang-command/-/shebang-command-2.0.0.tgz 4527ms (cache miss)
608 timing reifyNode:node_modules/shebang-command Completed in 6442ms
609 http fetch GET 200 https://registry.npmjs.org/strip-json-comments/-/strip-json-comments-3.1.1.tgz 3941ms (cache miss)
610 timing reifyNode:node_modules/strip-json-comments Completed in 6447ms
611 http fetch GET 200 https://registry.npmjs.org/import-fresh/-/import-fresh-3.3.0.tgz 3939ms (cache miss)
612 timing reifyNode:node_modules/import-fresh Completed in 6451ms
613 timing reifyNode:node_modules/fast-deep-equal Completed in 6448ms
614 http fetch GET 200 https://registry.npmjs.org/escape-string-regexp/-/escape-string-regexp-4.0.0.tgz 3365ms (cache miss)
615 timing reifyNode:node_modules/escape-string-regexp Completed in 6469ms
616 http fetch GET 200 https://registry.npmjs.org/wrappy/-/wrappy-1.0.2.tgz 5987ms (cache miss)
617 timing reifyNode:node_modules/wrappy Completed in 6528ms
618 http fetch GET 200 https://registry.npmjs.org/brace-expansion/-/brace-expansion-1.1.11.tgz 4983ms (cache miss)
619 timing reifyNode:node_modules/brace-expansion Completed in 6543ms
620 http fetch GET 200 https://registry.npmjs.org/is-path-inside/-/is-path-inside-3.0.3.tgz 3808ms (cache miss)
621 timing reifyNode:node_modules/is-path-inside Completed in 6520ms
622 http fetch GET 200 https://registry.npmjs.org/natural-compare/-/natural-compare-1.4.0.tgz 3955ms (cache miss)
623 timing reifyNode:node_modules/natural-compare Completed in 6531ms
624 http fetch GET 200 https://registry.npmjs.org/@aashutoshrathi/word-wrap/-/word-wrap-1.2.6.tgz 5539ms (cache miss)
625 timing reifyNode:node_modules/@aashutoshrathi/word-wrap Completed in 6661ms
626 http fetch GET 200 https://registry.npmjs.org/flat-cache/-/flat-cache-3.2.0.tgz 4882ms (cache miss)
627 timing reifyNode:node_modules/flat-cache Completed in 6643ms
628 http fetch GET 200 https://registry.npmjs.org/which/-/which-2.0.2.tgz 4746ms (cache miss)
629 timing reifyNode:node_modules/which Completed in 6650ms
630 http fetch GET 200 https://registry.npmjs.org/color-name/-/color-name-1.1.4.tgz 4663ms (cache miss)
631 timing reifyNode:node_modules/color-name Completed in 6654ms
632 http fetch GET 200 https://registry.npmjs.org/color-convert/-/color-convert-2.0.1.tgz 4655ms (cache miss)
633 timing reifyNode:node_modules/color-convert Completed in 6658ms
634 timing reifyNode:node_modules/text-table Completed in 6658ms
635 http fetch GET 200 https://registry.npmjs.org/glob-parent/-/glob-parent-6.0.2.tgz 3854ms (cache miss)
636 timing reifyNode:node_modules/glob-parent Completed in 6670ms
637 http fetch GET 200 https://registry.npmjs.org/keyv/-/keyv-4.5.4.tgz 4981ms (cache miss)
638 timing reifyNode:node_modules/keyv Completed in 6709ms
639 http fetch GET 200 https://registry.npmjs.org/@nodelib/fs.stat/-/fs.stat-2.0.5.tgz 4331ms (cache miss)
640 http fetch GET 200 https://registry.npmjs.org/@nodelib/fs.scandir/-/fs.scandir-2.1.5.tgz 4278ms (cache miss)
641 http fetch GET 200 https://registry.npmjs.org/run-parallel/-/run-parallel-1.2.0.tgz 4362ms (cache miss)
642 timing reifyNode:node_modules/run-parallel Completed in 6722ms
643 http fetch GET 200 https://registry.npmjs.org/@ungap/structured-clone/-/structured-clone-1.2.0.tgz 3550ms (cache miss)
644 http fetch GET 200 https://registry.npmjs.org/glob/-/glob-7.2.3.tgz 5990ms (cache miss)
645 timing reifyNode:node_modules/glob Completed in 6799ms
646 http fetch GET 200 https://registry.npmjs.org/type-check/-/type-check-0.4.0.tgz 5225ms (cache miss)
647 timing reifyNode:node_modules/type-check Completed in 6806ms
648 http fetch GET 200 https://registry.npmjs.org/esutils/-/esutils-2.0.3.tgz 3778ms (cache miss)
649 timing reifyNode:node_modules/esutils Completed in 6785ms
650 http fetch GET 200 https://registry.npmjs.org/prelude-ls/-/prelude-ls-1.2.1.tgz 5241ms (cache miss)
651 timing reifyNode:node_modules/prelude-ls Completed in 6831ms
652 http fetch GET 200 https://registry.npmjs.org/esrecurse/-/esrecurse-4.3.0.tgz 4967ms (cache miss)
653 timing reifyNode:node_modules/esrecurse Completed in 6845ms
654 timing reifyNode:node_modules/fastq Completed in 6855ms
655 http fetch GET 200 https://registry.npmjs.org/find-up/-/find-up-5.0.0.tgz 3945ms (cache miss)
656 timing reifyNode:node_modules/find-up Completed in 6859ms
657 http fetch GET 200 https://registry.npmjs.org/@eslint/js/-/js-8.57.0.tgz 3631ms (cache miss)
658 timing reifyNode:node_modules/@eslint/js Completed in 6870ms
659 http fetch GET 200 https://registry.npmjs.org/optionator/-/optionator-0.9.3.tgz 4358ms (cache miss)
660 timing reifyNode:node_modules/optionator Completed in 6915ms
661 http fetch GET 200 https://registry.npmjs.org/fs.realpath/-/fs.realpath-1.0.0.tgz 6325ms (cache miss)
662 timing reifyNode:node_modules/fs.realpath Completed in 7029ms
663 timing reifyNode:node_modules/@nodelib/fs.stat Completed in 7000ms
664 http fetch GET 200 https://registry.npmjs.org/imurmurhash/-/imurmurhash-0.1.4.tgz 4264ms (cache miss)
665 timing reifyNode:node_modules/imurmurhash Completed in 7002ms
666 http fetch GET 200 https://registry.npmjs.org/minimatch/-/minimatch-3.1.2.tgz 4426ms (cache miss)
667 timing reifyNode:node_modules/minimatch Completed in 7010ms
668 http fetch GET 200 https://registry.npmjs.org/lodash.merge/-/lodash.merge-4.6.2.tgz 4393ms (cache miss)
669 timing reifyNode:node_modules/lodash.merge Completed in 7015ms
670 http fetch GET 200 https://registry.npmjs.org/reusify/-/reusify-1.0.4.tgz 5246ms (cache miss)
671 timing reifyNode:node_modules/reusify Completed in 7036ms
672 http fetch GET 200 https://registry.npmjs.org/acorn-jsx/-/acorn-jsx-5.3.2.tgz 5235ms (cache miss)
673 timing reifyNode:node_modules/acorn-jsx Completed in 7045ms
674 http fetch GET 200 https://registry.npmjs.org/ansi-styles/-/ansi-styles-4.3.0.tgz 4738ms (cache miss)
675 timing reifyNode:node_modules/ansi-styles Completed in 7051ms
676 http fetch GET 200 https://registry.npmjs.org/json-schema-traverse/-/json-schema-traverse-0.4.1.tgz 4723ms (cache miss)
677 timing reifyNode:node_modules/json-schema-traverse Completed in 7064ms
678 http fetch GET 200 https://registry.npmjs.org/globals/-/globals-13.24.0.tgz 4288ms (cache miss)
679 timing reifyNode:node_modules/globals Completed in 7085ms
680 http fetch GET 200 https://registry.npmjs.org/file-entry-cache/-/file-entry-cache-6.0.1.tgz 4133ms (cache miss)
681 timing reifyNode:node_modules/file-entry-cache Completed in 7094ms
682 http fetch GET 200 https://registry.npmjs.org/@humanwhocodes/config-array/-/config-array-0.11.14.tgz 3897ms (cache miss)
683 timing reifyNode:node_modules/@humanwhocodes/config-array Completed in 7128ms
684 http fetch GET 200 https://registry.npmjs.org/is-glob/-/is-glob-4.0.3.tgz 4429ms (cache miss)
685 timing reifyNode:node_modules/is-glob Completed in 7160ms
686 http fetch GET 200 https://registry.npmjs.org/levn/-/levn-0.4.1.tgz 4529ms (cache miss)
687 timing reifyNode:node_modules/levn Completed in 7169ms
688 timing reifyNode:node_modules/@ungap/structured-clone Completed in 7191ms
689 http fetch GET 200 https://registry.npmjs.org/estraverse/-/estraverse-5.3.0.tgz 5351ms (cache miss)
690 timing reifyNode:node_modules/estraverse Completed in 7225ms
691 http fetch GET 200 https://registry.npmjs.org/chalk/-/chalk-4.1.2.tgz 4064ms (cache miss)
692 timing reifyNode:node_modules/chalk Completed in 7226ms
693 timing reifyNode:node_modules/@nodelib/fs.scandir Completed in 7262ms
694 http fetch GET 200 https://registry.npmjs.org/ignore/-/ignore-5.3.1.tgz 4523ms (cache miss)
695 timing reifyNode:node_modules/ignore Completed in 7276ms
696 http fetch GET 200 https://registry.npmjs.org/@humanwhocodes/object-schema/-/object-schema-2.0.2.tgz 4849ms (cache miss)
697 timing reifyNode:node_modules/@humanwhocodes/object-schema Completed in 7308ms
698 http fetch GET 200 https://registry.npmjs.org/eslint-visitor-keys/-/eslint-visitor-keys-3.4.3.tgz 4263ms (cache miss)
699 timing reifyNode:node_modules/eslint-visitor-keys Completed in 7311ms
700 http fetch GET 200 https://registry.npmjs.org/espree/-/espree-9.6.1.tgz 4282ms (cache miss)
701 timing reifyNode:node_modules/espree Completed in 7319ms
702 http fetch GET 200 https://registry.npmjs.org/debug/-/debug-4.3.4.tgz 4215ms (cache miss)
703 timing reifyNode:node_modules/debug Completed in 7338ms
704 http fetch GET 200 https://registry.npmjs.org/cross-spawn/-/cross-spawn-7.0.3.tgz 4257ms (cache miss)
705 timing reifyNode:node_modules/cross-spawn Completed in 7415ms
706 http fetch GET 200 https://registry.npmjs.org/flatted/-/flatted-3.3.1.tgz 5719ms (cache miss)
707 timing reifyNode:node_modules/flatted Completed in 7437ms
708 http fetch GET 200 https://registry.npmjs.org/doctrine/-/doctrine-3.0.0.tgz 4321ms (cache miss)
709 timing reifyNode:node_modules/doctrine Completed in 7434ms
710 http fetch GET 200 https://registry.npmjs.org/argparse/-/argparse-2.0.1.tgz 5873ms (cache miss)
711 timing reifyNode:node_modules/argparse Completed in 7473ms
712 http fetch GET 200 https://registry.npmjs.org/json-stable-stringify-without-jsonify/-/json-stable-stringify-without-jsonify-1.0.1.tgz 4767ms (cache miss)
713 timing reifyNode:node_modules/json-stable-stringify-without-jsonify Completed in 7459ms
714 http fetch GET 200 https://registry.npmjs.org/@humanwhocodes/module-importer/-/module-importer-1.0.1.tgz 4235ms (cache miss)
715 timing reifyNode:node_modules/@humanwhocodes/module-importer Completed in 7462ms
716 http fetch GET 200 https://registry.npmjs.org/fast-json-stable-stringify/-/fast-json-stable-stringify-2.1.0.tgz 5150ms (cache miss)
717 timing reifyNode:node_modules/fast-json-stable-stringify Completed in 7503ms
718 http fetch GET 200 https://registry.npmjs.org/eslint-scope/-/eslint-scope-7.2.2.tgz 4482ms (cache miss)
719 timing reifyNode:node_modules/eslint-scope Completed in 7541ms
720 http fetch GET 200 https://registry.npmjs.org/@eslint-community/eslint-utils/-/eslint-utils-4.4.0.tgz 4321ms (cache miss)
721 timing reifyNode:node_modules/@eslint-community/eslint-utils Completed in 7606ms
722 http fetch GET 200 https://registry.npmjs.org/@nodelib/fs.walk/-/fs.walk-1.2.8.tgz 4472ms (cache miss)
723 timing reifyNode:node_modules/@nodelib/fs.walk Completed in 7676ms
724 http fetch GET 200 https://registry.npmjs.org/type-fest/-/type-fest-0.20.2.tgz 6078ms (cache miss)
725 timing reifyNode:node_modules/type-fest Completed in 7743ms
726 http fetch GET 200 https://registry.npmjs.org/@eslint-community/regexpp/-/regexpp-4.10.0.tgz 4449ms (cache miss)
727 timing reifyNode:node_modules/@eslint-community/regexpp Completed in 7719ms
728 http fetch GET 200 https://registry.npmjs.org/graphemer/-/graphemer-1.4.0.tgz 4974ms (cache miss)
729 http fetch GET 200 https://registry.npmjs.org/acorn/-/acorn-8.11.3.tgz 5972ms (cache miss)
730 timing reifyNode:node_modules/acorn Completed in 7785ms
731 timing reifyNode:node_modules/graphemer Completed in 7776ms
732 http fetch GET 200 https://registry.npmjs.org/js-yaml/-/js-yaml-4.1.0.tgz 5127ms (cache miss)
733 timing reifyNode:node_modules/js-yaml Completed in 7827ms
734 http fetch GET 200 https://registry.npmjs.org/esquery/-/esquery-1.5.0.tgz 4864ms (cache miss)
735 timing reifyNode:node_modules/esquery Completed in 7883ms
736 http fetch GET 200 https://registry.npmjs.org/uri-js/-/uri-js-4.4.1.tgz 5587ms (cache miss)
737 timing reifyNode:node_modules/uri-js Completed in 7903ms
738 http fetch GET 200 https://registry.npmjs.org/@eslint/eslintrc/-/eslintrc-2.1.4.tgz 4671ms (cache miss)
739 timing reifyNode:node_modules/@eslint/eslintrc Completed in 7931ms
740 http fetch GET 200 https://registry.npmjs.org/ajv/-/ajv-6.12.6.tgz 4926ms (cache miss)
741 timing reifyNode:node_modules/ajv Completed in 8108ms
742 http fetch GET 200 https://registry.npmjs.org/eslint/-/eslint-8.57.0.tgz 5232ms (cache miss)
743 timing reifyNode:node_modules/eslint Completed in 8523ms
744 timing reify:unpack Completed in 8590ms
745 timing reify:unretire Completed in 1ms
746 timing build:queue Completed in 11ms
747 timing build:link:node_modules/acorn Completed in 10ms
748 timing build:link:node_modules/eslint Completed in 6ms
749 timing build:link:node_modules/js-yaml Completed in 6ms
750 timing build:link:node_modules/rimraf Completed in 6ms
751 timing build:link:node_modules/which Completed in 9ms
752 timing build:link Completed in 16ms
753 timing build:deps Completed in 28ms
754 timing build Completed in 29ms
755 timing reify:build Completed in 30ms
756 timing reify:trash Completed in 0ms
757 timing reify:save Completed in 78ms
758 timing reify Completed in 17312ms
759 silly ADD node_modules/isexe
760 silly ADD node_modules/punycode
761 silly ADD node_modules/has-flag
762 silly ADD node_modules/ansi-regex
763 silly ADD node_modules/shebang-regex
764 silly ADD node_modules/queue-microtask
765 silly ADD node_modules/wrappy
766 silly ADD node_modules/path-is-absolute
767 silly ADD node_modules/once
768 silly ADD node_modules/inherits
769 silly ADD node_modules/inflight
770 silly ADD node_modules/fs.realpath
771 silly ADD node_modules/glob
772 silly ADD node_modules/callsites
773 silly ADD node_modules/yocto-queue
774 silly ADD node_modules/p-limit
775 silly ADD node_modules/fast-levenshtein
776 silly ADD node_modules/deep-is
777 silly ADD node_modules/@aashutoshrathi/word-wrap
778 silly ADD node_modules/concat-map
779 silly ADD node_modules/balanced-match
780 silly ADD node_modules/brace-expansion
781 silly ADD node_modules/p-locate
782 silly ADD node_modules/type-check
783 silly ADD node_modules/prelude-ls
784 silly ADD node_modules/json-buffer
785 silly ADD node_modules/argparse
786 silly ADD node_modules/is-extglob
787 silly ADD node_modules/resolve-from
788 silly ADD node_modules/parent-module
789 silly ADD node_modules/type-fest
790 silly ADD node_modules/rimraf
791 silly ADD node_modules/keyv
792 silly ADD node_modules/flatted
793 silly ADD node_modules/path-exists
794 silly ADD node_modules/locate-path
795 silly ADD node_modules/flat-cache
796 silly ADD node_modules/reusify
797 silly ADD node_modules/acorn-jsx
798 silly ADD node_modules/acorn
799 silly ADD node_modules/estraverse
800 silly ADD node_modules/esrecurse
801 silly ADD node_modules/ms
802 silly ADD node_modules/which
803 silly ADD node_modules/shebang-command
804 silly ADD node_modules/path-key
805 silly ADD node_modules/color-name
806 silly ADD node_modules/color-convert
807 silly ADD node_modules/supports-color
808 silly ADD node_modules/ansi-styles
809 silly ADD node_modules/uri-js
810 silly ADD node_modules/json-schema-traverse
811 silly ADD node_modules/fast-json-stable-stringify
812 silly ADD node_modules/run-parallel
813 silly ADD node_modules/@nodelib/fs.stat
814 silly ADD node_modules/fastq
815 silly ADD node_modules/@nodelib/fs.scandir
816 silly ADD node_modules/@humanwhocodes/object-schema
817 silly ADD node_modules/strip-json-comments
818 silly ADD node_modules/import-fresh
819 silly ADD node_modules/text-table
820 silly ADD node_modules/strip-ansi
821 silly ADD node_modules/optionator
822 silly ADD node_modules/natural-compare
823 silly ADD node_modules/minimatch
824 silly ADD node_modules/lodash.merge
825 silly ADD node_modules/levn
826 silly ADD node_modules/json-stable-stringify-without-jsonify
827 silly ADD node_modules/js-yaml
828 silly ADD node_modules/is-path-inside
829 silly ADD node_modules/is-glob
830 silly ADD node_modules/imurmurhash
831 silly ADD node_modules/ignore
832 silly ADD node_modules/graphemer
833 silly ADD node_modules/globals
834 silly ADD node_modules/glob-parent
835 silly ADD node_modules/find-up
836 silly ADD node_modules/file-entry-cache
837 silly ADD node_modules/fast-deep-equal
838 silly ADD node_modules/esutils
839 silly ADD node_modules/esquery
840 silly ADD node_modules/espree
841 silly ADD node_modules/eslint-visitor-keys
842 silly ADD node_modules/eslint-scope
843 silly ADD node_modules/escape-string-regexp
844 silly ADD node_modules/doctrine
845 silly ADD node_modules/debug
846 silly ADD node_modules/cross-spawn
847 silly ADD node_modules/chalk
848 silly ADD node_modules/ajv
849 silly ADD node_modules/@ungap/structured-clone
850 silly ADD node_modules/@nodelib/fs.walk
851 silly ADD node_modules/@humanwhocodes/module-importer
852 silly ADD node_modules/@humanwhocodes/config-array
853 silly ADD node_modules/@eslint/js
854 silly ADD node_modules/@eslint/eslintrc
855 silly ADD node_modules/@eslint-community/regexpp
856 silly ADD node_modules/@eslint-community/eslint-utils
857 silly ADD node_modules/eslint
858 timing command:i Completed in 17353ms
859 verbose exit 0
860 timing npm Completed in 18088ms
861 info ok
