0 verbose cli [
0 verbose cli   '/usr/bin/node',
0 verbose cli   '/usr/bin/npm',
0 verbose cli   'install',
0 verbose cli   '--ignore-scripts',
0 verbose cli   '@types/node@ts5.3',
0 verbose cli   '@types/merge-descriptors@ts5.3',
0 verbose cli   '--save-dev',
0 verbose cli   '--user-agent=typesInstaller/5.3.2'
0 verbose cli ]
1 info using npm@8.5.1
2 info using node@v12.22.9
3 timing npm:load:whichnode Completed in 1ms
4 timing config:load:defaults Completed in 2ms
5 timing config:load:file:/usr/share/nodejs/npm/npmrc Completed in 7ms
6 timing config:load:builtin Completed in 8ms
7 timing config:load:cli Completed in 2ms
8 timing config:load:env Completed in 0ms
9 timing config:load:file:/home/aaron/.cache/typescript/5.3/.npmrc Completed in 0ms
10 timing config:load:project Completed in 25ms
11 timing config:load:file:/home/aaron/.npmrc Completed in 1ms
12 timing config:load:user Completed in 1ms
13 timing config:load:file:/etc/npmrc Completed in 0ms
14 timing config:load:global Completed in 0ms
15 timing config:load:validate Completed in 0ms
16 timing config:load:credentials Completed in 1ms
17 timing config:load:setEnvs Completed in 4ms
18 timing config:load Completed in 45ms
19 timing npm:load:configload Completed in 45ms
20 timing npm:load:setTitle Completed in 1ms
21 timing config:load:flatten Completed in 4ms
22 timing npm:load:display Completed in 5ms
23 verbose logfile /home/aaron/.npm/_logs/2024-03-07T11_03_13_813Z-debug-0.log
24 timing npm:load:logFile Completed in 59ms
25 timing npm:load:timers Completed in 0ms
26 timing npm:load:configScope Completed in 0ms
27 timing npm:load Completed in 122ms
28 timing arborist:ctor Completed in 5ms
29 timing idealTree:init Completed in 187ms
30 timing arborist:ctor Completed in 0ms
31 http fetch GET 200 https://registry.npmjs.org/@types%2fnode 598ms (cache miss)
32 http fetch GET 200 https://registry.npmjs.org/@types%2fmerge-descriptors 892ms (cache miss)
33 timing idealTree:userRequests Completed in 906ms
34 silly idealTree buildDeps
35 silly fetch manifest @types/node@20.11.25
36 silly fetch manifest @types/merge-descriptors@1.0.3
37 silly placeDep ROOT @types/merge-descriptors@1.0.3 OK for:  want: 1.0.3
38 silly placeDep ROOT @types/node@20.11.25 REPLACE for:  want: 20.11.25
39 timing idealTree:#root Completed in 64ms
40 timing idealTree:node_modules/@types/merge-descriptors Completed in 0ms
41 timing idealTree:node_modules/@types/node Completed in 0ms
42 timing idealTree:buildDeps Completed in 71ms
43 timing idealTree:fixDepFlags Completed in 2ms
44 timing idealTree Completed in 1177ms
45 timing reify:loadTrees Completed in 1180ms
46 timing reify:diffTrees Completed in 8ms
47 silly reify moves {}
48 timing reify:retireShallow Completed in 2ms
49 timing reify:createSparse Completed in 39ms
50 timing reify:loadBundles Completed in 0ms
51 silly audit bulk request {
51 silly audit   '@types/body-parser': [ '1.19.5' ],
51 silly audit   '@types/connect': [ '3.4.38' ],
51 silly audit   '@types/eslint': [ '8.56.5' ],
51 silly audit   '@types/estree': [ '1.0.5' ],
51 silly audit   '@types/express': [ '4.17.21' ],
51 silly audit   '@types/express-serve-static-core': [ '4.17.43' ],
51 silly audit   '@types/http-errors': [ '2.0.4' ],
51 silly audit   '@types/json-schema': [ '7.0.15' ],
51 silly audit   '@types/mime': [ '1.3.5' ],
51 silly audit   '@types/qs': [ '6.9.12' ],
51 silly audit   '@types/range-parser': [ '1.2.7' ],
51 silly audit   '@types/send': [ '0.17.4' ],
51 silly audit   '@types/serve-static': [ '1.15.5' ],
51 silly audit   'types-registry': [ '0.1.684' ],
51 silly audit   'undici-types': [ '5.26.5' ],
51 silly audit   '@types/merge-descriptors': [ '1.0.3' ],
51 silly audit   '@types/node': [ '20.11.25' ]
51 silly audit }
52 silly tarball no local data for @types/merge-descriptors@https://registry.npmjs.org/@types/merge-descriptors/-/merge-descriptors-1.0.3.tgz. Extracting by manifest.
53 http fetch POST 200 https://registry.npmjs.org/-/npm/v1/security/advisories/bulk 240ms
54 timing auditReport:getReport Completed in 264ms
55 silly audit report {}
56 timing auditReport:init Completed in 0ms
57 timing reify:audit Completed in 271ms
58 http fetch GET 200 https://registry.npmjs.org/@types/merge-descriptors/-/merge-descriptors-1.0.3.tgz 651ms (cache miss)
59 timing reifyNode:node_modules/@types/merge-descriptors Completed in 680ms
60 timing reify:unpack Completed in 681ms
61 timing reify:unretire Completed in 0ms
62 timing build:queue Completed in 1ms
63 timing build:deps Completed in 1ms
64 timing build Completed in 2ms
65 timing reify:build Completed in 3ms
66 timing reify:trash Completed in 0ms
67 timing reify:save Completed in 29ms
68 timing reify Completed in 2058ms
69 silly ADD node_modules/@types/merge-descriptors
70 timing command:install Completed in 2091ms
71 verbose exit 0
72 timing npm Completed in 3428ms
73 info ok
