0 verbose cli [
0 verbose cli   '/usr/bin/node',
0 verbose cli   '/usr/bin/npm',
0 verbose cli   'install',
0 verbose cli   '--ignore-scripts',
0 verbose cli   '@types/express@ts5.3',
0 verbose cli   '@types/eslint@ts5.3',
0 verbose cli   '--save-dev',
0 verbose cli   '--user-agent=typesInstaller/5.3.2'
0 verbose cli ]
1 info using npm@8.5.1
2 info using node@v12.22.9
3 timing npm:load:whichnode Completed in 0ms
4 timing config:load:defaults Completed in 3ms
5 timing config:load:file:/usr/share/nodejs/npm/npmrc Completed in 3ms
6 timing config:load:builtin Completed in 5ms
7 timing config:load:cli Completed in 4ms
8 timing config:load:env Completed in 0ms
9 timing config:load:file:/home/aaron/.cache/typescript/5.3/.npmrc Completed in 0ms
10 timing config:load:project Completed in 7ms
11 timing config:load:file:/home/aaron/.npmrc Completed in 1ms
12 timing config:load:user Completed in 1ms
13 timing config:load:file:/etc/npmrc Completed in 0ms
14 timing config:load:global Completed in 0ms
15 timing config:load:validate Completed in 0ms
16 timing config:load:credentials Completed in 1ms
17 timing config:load:setEnvs Completed in 1ms
18 timing config:load Completed in 22ms
19 timing npm:load:configload Completed in 23ms
20 timing npm:load:setTitle Completed in 3ms
21 timing config:load:flatten Completed in 5ms
22 timing npm:load:display Completed in 6ms
23 verbose logfile /home/aaron/.npm/_logs/2024-03-07T11_03_06_963Z-debug-0.log
24 timing npm:load:logFile Completed in 13ms
25 timing npm:load:timers Completed in 0ms
26 timing npm:load:configScope Completed in 0ms
27 timing npm:load Completed in 48ms
28 timing arborist:ctor Completed in 2ms
29 timing idealTree:init Completed in 43ms
30 timing arborist:ctor Completed in 0ms
31 http fetch GET 200 https://registry.npmjs.org/@types%2fexpress 268ms (cache miss)
32 http fetch GET 200 https://registry.npmjs.org/@types%2feslint 281ms (cache miss)
33 timing idealTree:userRequests Completed in 293ms
34 silly idealTree buildDeps
35 silly fetch manifest @types/express@4.17.21
36 silly fetch manifest @types/eslint@8.56.5
37 silly placeDep ROOT @types/eslint@8.56.5 OK for:  want: 8.56.5
38 silly placeDep ROOT @types/express@4.17.21 OK for:  want: 4.17.21
39 silly fetch manifest @types/estree@*
40 silly fetch manifest @types/json-schema@*
41 silly fetch manifest @types/body-parser@*
42 silly fetch manifest @types/express-serve-static-core@^4.17.33
43 silly fetch manifest @types/qs@*
44 silly fetch manifest @types/serve-static@*
45 http fetch GET 200 https://registry.npmjs.org/@types%2fjson-schema 145ms (cache miss)
46 http fetch GET 200 https://registry.npmjs.org/@types%2festree 156ms (cache miss)
47 http fetch GET 200 https://registry.npmjs.org/@types%2fbody-parser 443ms (cache miss)
48 http fetch GET 200 https://registry.npmjs.org/@types%2fqs 441ms (cache miss)
49 http fetch GET 200 https://registry.npmjs.org/@types%2fserve-static 442ms (cache miss)
50 http fetch GET 200 https://registry.npmjs.org/@types%2fexpress-serve-static-core 477ms (cache miss)
51 timing idealTree:#root Completed in 520ms
52 silly placeDep ROOT @types/estree@1.0.5 OK for: @types/eslint@8.56.5 want: *
53 silly placeDep ROOT @types/json-schema@7.0.15 OK for: @types/eslint@8.56.5 want: *
54 timing idealTree:node_modules/@types/eslint Completed in 53ms
55 timing idealTree:node_modules/@types/estree Completed in 0ms
56 silly placeDep ROOT @types/body-parser@1.19.5 OK for: @types/express@4.17.21 want: *
57 silly placeDep ROOT @types/express-serve-static-core@4.17.43 OK for: @types/express@4.17.21 want: ^4.17.33
58 silly placeDep ROOT @types/qs@6.9.12 OK for: @types/express@4.17.21 want: *
59 silly placeDep ROOT @types/serve-static@1.15.5 OK for: @types/express@4.17.21 want: *
60 silly fetch manifest @types/connect@*
61 silly fetch manifest @types/node@*
62 silly fetch manifest @types/range-parser@*
63 silly fetch manifest @types/send@*
64 silly fetch manifest @types/http-errors@*
65 silly fetch manifest @types/mime@*
66 http fetch GET 200 https://registry.npmjs.org/@types%2frange-parser 423ms (cache miss)
67 http fetch GET 200 https://registry.npmjs.org/@types%2fsend 427ms (cache miss)
68 http fetch GET 200 https://registry.npmjs.org/@types%2fmime 412ms (cache miss)
69 http fetch GET 200 https://registry.npmjs.org/@types%2fconnect 457ms (cache miss)
70 http fetch GET 200 https://registry.npmjs.org/@types%2fhttp-errors 449ms (cache miss)
71 http fetch GET 200 https://registry.npmjs.org/@types%2fnode 768ms (cache miss)
72 timing idealTree:node_modules/@types/express Completed in 1054ms
73 silly placeDep ROOT @types/connect@3.4.38 OK for: @types/body-parser@1.19.5 want: *
74 silly placeDep ROOT @types/node@20.11.25 OK for: @types/body-parser@1.19.5 want: *
75 silly fetch manifest undici-types@~5.26.4
76 http fetch GET 200 https://registry.npmjs.org/undici-types 80ms (cache miss)
77 timing idealTree:node_modules/@types/body-parser Completed in 91ms
78 timing idealTree:node_modules/@types/connect Completed in 0ms
79 silly placeDep ROOT @types/range-parser@1.2.7 OK for: @types/express-serve-static-core@4.17.43 want: *
80 silly placeDep ROOT @types/send@0.17.4 OK for: @types/express-serve-static-core@4.17.43 want: *
81 silly fetch manifest @types/mime@^1
82 timing idealTree:node_modules/@types/express-serve-static-core Completed in 20ms
83 timing idealTree:node_modules/@types/json-schema Completed in 0ms
84 silly placeDep ROOT undici-types@5.26.5 OK for: @types/node@20.11.25 want: ~5.26.4
85 timing idealTree:node_modules/@types/node Completed in 10ms
86 timing idealTree:node_modules/@types/qs Completed in 0ms
87 timing idealTree:node_modules/@types/range-parser Completed in 0ms
88 silly placeDep ROOT @types/mime@1.3.5 OK for: @types/send@0.17.4 want: ^1
89 timing idealTree:node_modules/@types/send Completed in 13ms
90 timing idealTree:node_modules/@types/mime Completed in 0ms
91 silly placeDep ROOT @types/http-errors@2.0.4 OK for: @types/serve-static@1.15.5 want: *
92 timing idealTree:node_modules/@types/serve-static Completed in 38ms
93 timing idealTree:node_modules/@types/http-errors Completed in 0ms
94 timing idealTree:node_modules/undici-types Completed in 0ms
95 timing idealTree:buildDeps Completed in 1817ms
96 timing idealTree:fixDepFlags Completed in 0ms
97 timing idealTree Completed in 2155ms
98 timing reify:loadTrees Completed in 2157ms
99 timing reify:diffTrees Completed in 2ms
100 silly reify moves {}
101 timing reify:retireShallow Completed in 3ms
102 timing reify:createSparse Completed in 15ms
103 timing reify:loadBundles Completed in 0ms
104 silly audit bulk request {
104 silly audit   'types-registry': [ '0.1.684' ],
104 silly audit   '@types/eslint': [ '8.56.5' ],
104 silly audit   '@types/express': [ '4.17.21' ],
104 silly audit   '@types/estree': [ '1.0.5' ],
104 silly audit   '@types/json-schema': [ '7.0.15' ],
104 silly audit   '@types/body-parser': [ '1.19.5' ],
104 silly audit   '@types/express-serve-static-core': [ '4.17.43' ],
104 silly audit   '@types/qs': [ '6.9.12' ],
104 silly audit   '@types/serve-static': [ '1.15.5' ],
104 silly audit   '@types/connect': [ '3.4.38' ],
104 silly audit   '@types/node': [ '20.11.25' ],
104 silly audit   '@types/range-parser': [ '1.2.7' ],
104 silly audit   '@types/send': [ '0.17.4' ],
104 silly audit   'undici-types': [ '5.26.5' ],
104 silly audit   '@types/mime': [ '1.3.5' ],
104 silly audit   '@types/http-errors': [ '2.0.4' ]
104 silly audit }
105 silly tarball no local data for @types/http-errors@https://registry.npmjs.org/@types/http-errors/-/http-errors-2.0.4.tgz. Extracting by manifest.
106 silly tarball no local data for @types/mime@https://registry.npmjs.org/@types/mime/-/mime-1.3.5.tgz. Extracting by manifest.
107 silly tarball no local data for undici-types@https://registry.npmjs.org/undici-types/-/undici-types-5.26.5.tgz. Extracting by manifest.
108 silly tarball no local data for @types/send@https://registry.npmjs.org/@types/send/-/send-0.17.4.tgz. Extracting by manifest.
109 silly tarball no local data for @types/range-parser@https://registry.npmjs.org/@types/range-parser/-/range-parser-1.2.7.tgz. Extracting by manifest.
110 silly tarball no local data for @types/node@https://registry.npmjs.org/@types/node/-/node-20.11.25.tgz. Extracting by manifest.
111 silly tarball no local data for @types/connect@https://registry.npmjs.org/@types/connect/-/connect-3.4.38.tgz. Extracting by manifest.
112 silly tarball no local data for @types/serve-static@https://registry.npmjs.org/@types/serve-static/-/serve-static-1.15.5.tgz. Extracting by manifest.
113 silly tarball no local data for @types/qs@https://registry.npmjs.org/@types/qs/-/qs-6.9.12.tgz. Extracting by manifest.
114 silly tarball no local data for @types/express-serve-static-core@https://registry.npmjs.org/@types/express-serve-static-core/-/express-serve-static-core-4.17.43.tgz. Extracting by manifest.
115 silly tarball no local data for @types/body-parser@https://registry.npmjs.org/@types/body-parser/-/body-parser-1.19.5.tgz. Extracting by manifest.
116 silly tarball no local data for @types/json-schema@https://registry.npmjs.org/@types/json-schema/-/json-schema-7.0.15.tgz. Extracting by manifest.
117 silly tarball no local data for @types/estree@https://registry.npmjs.org/@types/estree/-/estree-1.0.5.tgz. Extracting by manifest.
118 silly tarball no local data for @types/express@https://registry.npmjs.org/@types/express/-/express-4.17.21.tgz. Extracting by manifest.
119 silly tarball no local data for @types/eslint@https://registry.npmjs.org/@types/eslint/-/eslint-8.56.5.tgz. Extracting by manifest.
120 http fetch POST 200 https://registry.npmjs.org/-/npm/v1/security/advisories/bulk 1305ms
121 timing auditReport:getReport Completed in 1316ms
122 silly audit report {}
123 timing auditReport:init Completed in 0ms
124 timing reify:audit Completed in 1317ms
125 http fetch GET 200 https://registry.npmjs.org/@types/mime/-/mime-1.3.5.tgz 1687ms (cache miss)
126 timing reifyNode:node_modules/@types/mime Completed in 1795ms
127 http fetch GET 200 https://registry.npmjs.org/@types/send/-/send-0.17.4.tgz 1679ms (cache miss)
128 timing reifyNode:node_modules/@types/send Completed in 1866ms
129 http fetch GET 200 https://registry.npmjs.org/@types/range-parser/-/range-parser-1.2.7.tgz 1753ms (cache miss)
130 timing reifyNode:node_modules/@types/range-parser Completed in 2082ms
131 http fetch GET 200 https://registry.npmjs.org/@types/http-errors/-/http-errors-2.0.4.tgz 2031ms (cache miss)
132 timing reifyNode:node_modules/@types/http-errors Completed in 2126ms
133 http fetch GET 200 https://registry.npmjs.org/@types/connect/-/connect-3.4.38.tgz 1653ms (cache miss)
134 timing reifyNode:node_modules/@types/connect Completed in 2145ms
135 http fetch GET 200 https://registry.npmjs.org/@types/serve-static/-/serve-static-1.15.5.tgz 1591ms (cache miss)
136 timing reifyNode:node_modules/@types/serve-static Completed in 2167ms
137 http fetch GET 200 https://registry.npmjs.org/@types/express/-/express-4.17.21.tgz 1247ms (cache miss)
138 timing reifyNode:node_modules/@types/express Completed in 2187ms
139 http fetch GET 200 https://registry.npmjs.org/@types/body-parser/-/body-parser-1.19.5.tgz 1437ms (cache miss)
140 timing reifyNode:node_modules/@types/body-parser Completed in 2217ms
141 http fetch GET 200 https://registry.npmjs.org/@types/qs/-/qs-6.9.12.tgz 1541ms (cache miss)
142 timing reifyNode:node_modules/@types/qs Completed in 2298ms
143 http fetch GET 200 https://registry.npmjs.org/@types/estree/-/estree-1.0.5.tgz 1506ms (cache miss)
144 timing reifyNode:node_modules/@types/estree Completed in 2323ms
145 http fetch GET 200 https://registry.npmjs.org/@types/json-schema/-/json-schema-7.0.15.tgz 1536ms (cache miss)
146 timing reifyNode:node_modules/@types/json-schema Completed in 2342ms
147 http fetch GET 200 https://registry.npmjs.org/@types/express-serve-static-core/-/express-serve-static-core-4.17.43.tgz 1712ms (cache miss)
148 timing reifyNode:node_modules/@types/express-serve-static-core Completed in 2485ms
149 http fetch GET 200 https://registry.npmjs.org/undici-types/-/undici-types-5.26.5.tgz 2471ms (cache miss)
150 timing reifyNode:node_modules/undici-types Completed in 2598ms
151 http fetch GET 200 https://registry.npmjs.org/@types/eslint/-/eslint-8.56.5.tgz 1635ms (cache miss)
152 timing reifyNode:node_modules/@types/eslint Completed in 2602ms
153 http fetch GET 200 https://registry.npmjs.org/@types/node/-/node-20.11.25.tgz 2540ms (cache miss)
154 timing reifyNode:node_modules/@types/node Completed in 2945ms
155 timing reify:unpack Completed in 2946ms
156 timing reify:unretire Completed in 1ms
157 timing build:queue Completed in 7ms
158 timing build:deps Completed in 8ms
159 timing build Completed in 10ms
160 timing reify:build Completed in 10ms
161 timing reify:trash Completed in 0ms
162 timing reify:save Completed in 95ms
163 timing reify Completed in 5316ms
164 silly ADD node_modules/@types/http-errors
165 silly ADD node_modules/@types/mime
166 silly ADD node_modules/undici-types
167 silly ADD node_modules/@types/send
168 silly ADD node_modules/@types/range-parser
169 silly ADD node_modules/@types/node
170 silly ADD node_modules/@types/connect
171 silly ADD node_modules/@types/serve-static
172 silly ADD node_modules/@types/qs
173 silly ADD node_modules/@types/express-serve-static-core
174 silly ADD node_modules/@types/body-parser
175 silly ADD node_modules/@types/json-schema
176 silly ADD node_modules/@types/estree
177 silly ADD node_modules/@types/express
178 silly ADD node_modules/@types/eslint
179 timing command:install Completed in 5367ms
180 verbose exit 0
181 timing npm Completed in 5837ms
182 info ok
